TpTrace Verbose: 0 : 20444, 1, 2023/11/23, 12:38:23.275, 5344867864066, vstest.console.dll, Version: 17.3.3-release-20230405-02 Current process architecture: X64
TpTrace Verbose: 0 : 20444, 1, 2023/11/23, 12:38:23.277, 5344867883648, vstest.console.dll, Runtime location: C:\Program Files\dotnet\shared\Microsoft.NETCore.App\6.0.25
TpTrace Information: 0 : 20444, 1, 2023/11/23, 12:38:23.284, 5344867954554, vstest.console.dll, FilePatternParser: The given file D:\PruebaCeiba\PruebaIngresoBibliotecario\PruebaIngresoBibliotecario.Api.Tests\bin\Debug\net6.0\fine-code-coverage\build-output\PruebaIngresoBibliotecario.Api.Tests.dll is a full path.
TpTrace Verbose: 0 : 20444, 1, 2023/11/23, 12:38:23.291, 5344868025341, vstest.console.dll, TestPluginCache.DiscoverTestExtensions: finding test extensions in assemblies ends with: RuntimeProvider.dll TPluginInfo: Microsoft.VisualStudio.TestPlatform.Common.ExtensionFramework.Utilities.TestRuntimePluginInformation TExtension: Microsoft.VisualStudio.TestPlatform.ObjectModel.Host.ITestRuntimeProvider
TpTrace Verbose: 0 : 20444, 1, 2023/11/23, 12:38:23.295, 5344868067888, vstest.console.dll, TestPluginCache.GetExtensionPaths: Filtered extension paths: 
TpTrace Verbose: 0 : 20444, 1, 2023/11/23, 12:38:23.296, 5344868069189, vstest.console.dll, TestPluginCache.GetExtensionPaths: Added default extension paths: C:\Program Files\dotnet\sdk\6.0.417\Extensions\Microsoft.Diagnostics.NETCore.Client.dll
C:\Program Files\dotnet\sdk\6.0.417\Extensions\Microsoft.TestPlatform.Extensions.BlameDataCollector.dll
C:\Program Files\dotnet\sdk\6.0.417\Extensions\Microsoft.TestPlatform.Extensions.EventLogCollector.dll
C:\Program Files\dotnet\sdk\6.0.417\Extensions\Microsoft.TestPlatform.TestHostRuntimeProvider.dll
C:\Program Files\dotnet\sdk\6.0.417\Extensions\Microsoft.VisualStudio.TestPlatform.Extensions.Html.TestLogger.dll
C:\Program Files\dotnet\sdk\6.0.417\Extensions\Microsoft.VisualStudio.TestPlatform.Extensions.Trx.TestLogger.dll
TpTrace Verbose: 0 : 20444, 1, 2023/11/23, 12:38:23.296, 5344868069714, vstest.console.dll, TestPluginCache.GetExtensionPaths: Added unfilterableExtensionPaths: 
TpTrace Information: 0 : 20444, 1, 2023/11/23, 12:38:23.296, 5344868077277, vstest.console.dll, AssemblyResolver.ctor: Creating AssemblyResolver with searchDirectories C:\Program Files\dotnet\sdk\6.0.417\Extensions,C:\Program Files\dotnet\sdk\6.0.417
TpTrace Verbose: 0 : 20444, 1, 2023/11/23, 12:38:23.297, 5344868087256, vstest.console.dll, TestPluginCache.DiscoverTestExtensions: Discovering the extensions using extension path.
TpTrace Verbose: 0 : 20444, 1, 2023/11/23, 12:38:23.298, 5344868088794, vstest.console.dll, TestPluginCache.GetExtensionPaths: Filtered extension paths: 
TpTrace Verbose: 0 : 20444, 1, 2023/11/23, 12:38:23.298, 5344868089380, vstest.console.dll, TestPluginCache.GetExtensionPaths: Added default extension paths: C:\Program Files\dotnet\sdk\6.0.417\Extensions\Microsoft.Diagnostics.NETCore.Client.dll
C:\Program Files\dotnet\sdk\6.0.417\Extensions\Microsoft.TestPlatform.Extensions.BlameDataCollector.dll
C:\Program Files\dotnet\sdk\6.0.417\Extensions\Microsoft.TestPlatform.Extensions.EventLogCollector.dll
C:\Program Files\dotnet\sdk\6.0.417\Extensions\Microsoft.TestPlatform.TestHostRuntimeProvider.dll
C:\Program Files\dotnet\sdk\6.0.417\Extensions\Microsoft.VisualStudio.TestPlatform.Extensions.Html.TestLogger.dll
C:\Program Files\dotnet\sdk\6.0.417\Extensions\Microsoft.VisualStudio.TestPlatform.Extensions.Trx.TestLogger.dll
TpTrace Verbose: 0 : 20444, 1, 2023/11/23, 12:38:23.298, 5344868089818, vstest.console.dll, TestPluginCache.GetExtensionPaths: Added unfilterableExtensionPaths: 
TpTrace Verbose: 0 : 20444, 1, 2023/11/23, 12:38:23.298, 5344868090675, vstest.console.dll, TestPluginCache.DiscoverTestExtensions: Discovering the extensions using allExtensionPaths: C:\Program Files\dotnet\sdk\6.0.417\Extensions\Microsoft.Diagnostics.NETCore.Client.dll
C:\Program Files\dotnet\sdk\6.0.417\Extensions\Microsoft.TestPlatform.Extensions.BlameDataCollector.dll
C:\Program Files\dotnet\sdk\6.0.417\Extensions\Microsoft.TestPlatform.Extensions.EventLogCollector.dll
C:\Program Files\dotnet\sdk\6.0.417\Extensions\Microsoft.TestPlatform.TestHostRuntimeProvider.dll
C:\Program Files\dotnet\sdk\6.0.417\Extensions\Microsoft.VisualStudio.TestPlatform.Extensions.Html.TestLogger.dll
C:\Program Files\dotnet\sdk\6.0.417\Extensions\Microsoft.VisualStudio.TestPlatform.Extensions.Trx.TestLogger.dll
TpTrace Information: 0 : 20444, 1, 2023/11/23, 12:38:23.298, 5344868092864, vstest.console.dll, AssemblyResolver.AddSearchDirectories: Adding more searchDirectories C:\Program Files\dotnet\sdk\6.0.417\Extensions,C:\Program Files\dotnet\sdk\6.0.417
TpTrace Information: 0 : 20444, 1, 2023/11/23, 12:38:23.298, 5344868093627, vstest.console.dll, AssemblyResolver.AddSearchDirectories: Adding more searchDirectories C:\Program Files\dotnet\sdk\6.0.417\Extensions,C:\Program Files\dotnet\sdk\6.0.417
TpTrace Information: 0 : 20444, 1, 2023/11/23, 12:38:23.298, 5344868094092, vstest.console.dll, AssemblyResolver.AddSearchDirectories: Adding more searchDirectories C:\Program Files\dotnet\sdk\6.0.417\Extensions,C:\Program Files\dotnet\sdk\6.0.417
TpTrace Information: 0 : 20444, 1, 2023/11/23, 12:38:23.298, 5344868094506, vstest.console.dll, AssemblyResolver.AddSearchDirectories: Adding more searchDirectories C:\Program Files\dotnet\sdk\6.0.417\Extensions,C:\Program Files\dotnet\sdk\6.0.417
TpTrace Information: 0 : 20444, 1, 2023/11/23, 12:38:23.298, 5344868094914, vstest.console.dll, AssemblyResolver.AddSearchDirectories: Adding more searchDirectories C:\Program Files\dotnet\sdk\6.0.417\Extensions,C:\Program Files\dotnet\sdk\6.0.417
TpTrace Information: 0 : 20444, 1, 2023/11/23, 12:38:23.298, 5344868095384, vstest.console.dll, AssemblyResolver.AddSearchDirectories: Adding more searchDirectories C:\Program Files\dotnet\sdk\6.0.417\Extensions,C:\Program Files\dotnet\sdk\6.0.417
TpTrace Information: 0 : 20444, 1, 2023/11/23, 12:38:23.299, 5344868099873, vstest.console.dll, AssemblyResolver.OnResolve: Microsoft.Diagnostics.NETCore.Client: Resolving assembly.
TpTrace Information: 0 : 20444, 1, 2023/11/23, 12:38:23.299, 5344868100796, vstest.console.dll, AssemblyResolver.OnResolve: Microsoft.Diagnostics.NETCore.Client: Searching in: 'C:\Program Files\dotnet\sdk\6.0.417\Extensions'.
TpTrace Information: 0 : 20444, 1, 2023/11/23, 12:38:23.300, 5344868108435, vstest.console.dll, AssemblyResolver.OnResolve: Microsoft.Diagnostics.NETCore.Client: Loading assembly 'C:\Program Files\dotnet\sdk\6.0.417\Extensions\Microsoft.Diagnostics.NETCore.Client.dll'.
TpTrace Information: 0 : 20444, 1, 2023/11/23, 12:38:23.300, 5344868117376, vstest.console.dll, AssemblyResolver.OnResolve: Resolved assembly: Microsoft.Diagnostics.NETCore.Client, from path: C:\Program Files\dotnet\sdk\6.0.417\Extensions\Microsoft.Diagnostics.NETCore.Client.dll
TpTrace Verbose: 0 : 20444, 1, 2023/11/23, 12:38:23.306, 5344868168283, vstest.console.dll, MetadataReaderExtensionsHelper: Discovering extensions inside assembly 'Microsoft.Diagnostics.NETCore.Client, Version=0.2.6.42401, Culture=neutral, PublicKeyToken=31bf3856ad364e35' file path 'C:\Program Files\dotnet\sdk\6.0.417\Extensions\Microsoft.Diagnostics.NETCore.Client.dll'
TpTrace Information: 0 : 20444, 1, 2023/11/23, 12:38:23.317, 5344868281218, vstest.console.dll, AssemblyResolver.OnResolve: Microsoft.Bcl.AsyncInterfaces: Resolving assembly.
TpTrace Information: 0 : 20444, 1, 2023/11/23, 12:38:23.317, 5344868282134, vstest.console.dll, AssemblyResolver.OnResolve: Microsoft.Bcl.AsyncInterfaces: Searching in: 'C:\Program Files\dotnet\sdk\6.0.417\Extensions'.
TpTrace Information: 0 : 20444, 1, 2023/11/23, 12:38:23.317, 5344868283001, vstest.console.dll, AssemblyResolver.OnResolve: Microsoft.Bcl.AsyncInterfaces: Assembly path does not exist: 'C:\Program Files\dotnet\sdk\6.0.417\Extensions\Microsoft.Bcl.AsyncInterfaces.dll', returning.
TpTrace Information: 0 : 20444, 1, 2023/11/23, 12:38:23.317, 5344868283738, vstest.console.dll, AssemblyResolver.OnResolve: Microsoft.Bcl.AsyncInterfaces: Assembly path does not exist: 'C:\Program Files\dotnet\sdk\6.0.417\Extensions\Microsoft.Bcl.AsyncInterfaces.exe', returning.
TpTrace Information: 0 : 20444, 1, 2023/11/23, 12:38:23.317, 5344868284691, vstest.console.dll, AssemblyResolver.OnResolve: Microsoft.Bcl.AsyncInterfaces: Searching in: 'C:\Program Files\dotnet\sdk\6.0.417'.
TpTrace Information: 0 : 20444, 1, 2023/11/23, 12:38:23.317, 5344868286517, vstest.console.dll, AssemblyResolver.OnResolve: Microsoft.Bcl.AsyncInterfaces: Assembly path does not exist: 'C:\Program Files\dotnet\sdk\6.0.417\Microsoft.Bcl.AsyncInterfaces.dll', returning.
TpTrace Information: 0 : 20444, 1, 2023/11/23, 12:38:23.317, 5344868288150, vstest.console.dll, AssemblyResolver.OnResolve: Microsoft.Bcl.AsyncInterfaces: Assembly path does not exist: 'C:\Program Files\dotnet\sdk\6.0.417\Microsoft.Bcl.AsyncInterfaces.exe', returning.
TpTrace Information: 0 : 20444, 1, 2023/11/23, 12:38:23.318, 5344868288857, vstest.console.dll, AssemblyResolver.OnResolve: Microsoft.Bcl.AsyncInterfaces: Failed to load assembly.
TpTrace Verbose: 0 : 20444, 1, 2023/11/23, 12:38:23.318, 5344868289661, vstest.console.dll, CurrentDomainAssemblyResolve: Resolving assembly 'Microsoft.Bcl.AsyncInterfaces'.
TpTrace Information: 0 : 20444, 1, 2023/11/23, 12:38:23.318, 5344868290831, vstest.console.dll, AssemblyResolver.OnResolve: Microsoft.Bcl.AsyncInterfaces: Resolving assembly.
TpTrace Information: 0 : 20444, 1, 2023/11/23, 12:38:23.318, 5344868291541, vstest.console.dll, AssemblyResolver.OnResolve: Microsoft.Bcl.AsyncInterfaces: Resolved from cache.
TpTrace Verbose: 0 : 20444, 1, 2023/11/23, 12:38:23.318, 5344868292576, vstest.console.dll, CurrentDomainAssemblyResolve: Resolving assembly 'Microsoft.Bcl.AsyncInterfaces'.
TpTrace Verbose: 0 : 20444, 1, 2023/11/23, 12:38:23.318, 5344868293104, vstest.console.dll, CurrentDomainAssemblyResolve: Failed to resolve assembly 'Microsoft.Bcl.AsyncInterfaces'.
TpTrace Verbose: 0 : 20444, 1, 2023/11/23, 12:38:23.319, 5344868299820, vstest.console.dll, CurrentDomainAssemblyResolve: Failed to resolve assembly 'Microsoft.Bcl.AsyncInterfaces'.
TpTrace Warning: 0 : 20444, 1, 2023/11/23, 12:38:23.331, 5344868422485, vstest.console.dll, TestPluginDiscoverer: Failed to get types from assembly 'Microsoft.Diagnostics.NETCore.Client, Version=0.2.6.42401, Culture=neutral, PublicKeyToken=31bf3856ad364e35'. Error: System.Reflection.ReflectionTypeLoadException: Unable to load one or more of the requested types.
Could not load file or assembly 'Microsoft.Bcl.AsyncInterfaces, Version=1.0.0.0, Culture=neutral, PublicKeyToken=cc7b13ffcd2ddd51'. El sistema no puede encontrar el archivo especificado.
   at System.Reflection.RuntimeModule.GetTypes(RuntimeModule module)
   at System.Reflection.Assembly.GetTypes()
   at Microsoft.VisualStudio.TestPlatform.Common.ExtensionFramework.TestPluginDiscoverer.GetTestExtensionsFromAssembly[TPluginInfo,TExtension](Assembly assembly, Dictionary`2 pluginInfos, String filePath)
System.IO.FileNotFoundException: Could not load file or assembly 'Microsoft.Bcl.AsyncInterfaces, Version=1.0.0.0, Culture=neutral, PublicKeyToken=cc7b13ffcd2ddd51'. El sistema no puede encontrar el archivo especificado.
File name: 'Microsoft.Bcl.AsyncInterfaces, Version=1.0.0.0, Culture=neutral, PublicKeyToken=cc7b13ffcd2ddd51'
 ---> System.IO.FileNotFoundException: Could not load file or assembly 'Microsoft.Bcl.AsyncInterfaces, Culture=neutral, PublicKeyToken=null'. El sistema no puede encontrar el archivo especificado.
File name: 'Microsoft.Bcl.AsyncInterfaces, Culture=neutral, PublicKeyToken=null'
   at System.Reflection.RuntimeAssembly.InternalLoad(ObjectHandleOnStack assemblyName, ObjectHandleOnStack requestingAssembly, StackCrawlMarkHandle stackMark, Boolean throwOnFileNotFound, ObjectHandleOnStack assemblyLoadContext, ObjectHandleOnStack retAssembly)
   at System.Reflection.RuntimeAssembly.InternalLoad(AssemblyName assemblyName, RuntimeAssembly requestingAssembly, StackCrawlMark& stackMark, Boolean throwOnFileNotFound, AssemblyLoadContext assemblyLoadContext)
   at System.Reflection.Assembly.Load(AssemblyName assemblyRef)
   at Microsoft.VisualStudio.TestPlatform.Common.ExtensionFramework.TestPluginCache.CurrentDomainAssemblyResolve(Object sender, AssemblyResolveEventArgs args)
   at Microsoft.VisualStudio.TestPlatform.PlatformAbstractions.PlatformAssemblyResolver.AssemblyResolverEvent(Object sender, Object eventArgs)
   at System.Runtime.Loader.AssemblyLoadContext.GetFirstResolvedAssemblyFromResolvingEvent(AssemblyName assemblyName)
   at System.Runtime.Loader.AssemblyLoadContext.ResolveUsingEvent(AssemblyName assemblyName)
   at System.Runtime.Loader.AssemblyLoadContext.ResolveUsingResolvingEvent(IntPtr gchManagedAssemblyLoadContext, AssemblyName assemblyName)
TpTrace Warning: 0 : 20444, 1, 2023/11/23, 12:38:23.331, 5344868427434, vstest.console.dll, LoaderExceptions: System.IO.FileNotFoundException: Could not load file or assembly 'Microsoft.Bcl.AsyncInterfaces, Version=1.0.0.0, Culture=neutral, PublicKeyToken=cc7b13ffcd2ddd51'. El sistema no puede encontrar el archivo especificado.
File name: 'Microsoft.Bcl.AsyncInterfaces, Version=1.0.0.0, Culture=neutral, PublicKeyToken=cc7b13ffcd2ddd51'
 ---> System.IO.FileNotFoundException: Could not load file or assembly 'Microsoft.Bcl.AsyncInterfaces, Culture=neutral, PublicKeyToken=null'. El sistema no puede encontrar el archivo especificado.
File name: 'Microsoft.Bcl.AsyncInterfaces, Culture=neutral, PublicKeyToken=null'
   at System.Reflection.RuntimeAssembly.InternalLoad(ObjectHandleOnStack assemblyName, ObjectHandleOnStack requestingAssembly, StackCrawlMarkHandle stackMark, Boolean throwOnFileNotFound, ObjectHandleOnStack assemblyLoadContext, ObjectHandleOnStack retAssembly)
   at System.Reflection.RuntimeAssembly.InternalLoad(AssemblyName assemblyName, RuntimeAssembly requestingAssembly, StackCrawlMark& stackMark, Boolean throwOnFileNotFound, AssemblyLoadContext assemblyLoadContext)
   at System.Reflection.Assembly.Load(AssemblyName assemblyRef)
   at Microsoft.VisualStudio.TestPlatform.Common.ExtensionFramework.TestPluginCache.CurrentDomainAssemblyResolve(Object sender, AssemblyResolveEventArgs args)
   at Microsoft.VisualStudio.TestPlatform.PlatformAbstractions.PlatformAssemblyResolver.AssemblyResolverEvent(Object sender, Object eventArgs)
   at System.Runtime.Loader.AssemblyLoadContext.GetFirstResolvedAssemblyFromResolvingEvent(AssemblyName assemblyName)
   at System.Runtime.Loader.AssemblyLoadContext.ResolveUsingEvent(AssemblyName assemblyName)
   at System.Runtime.Loader.AssemblyLoadContext.ResolveUsingResolvingEvent(IntPtr gchManagedAssemblyLoadContext, AssemblyName assemblyName)
TpTrace Information: 0 : 20444, 1, 2023/11/23, 12:38:23.332, 5344868429190, vstest.console.dll, AssemblyResolver.OnResolve: Microsoft.TestPlatform.Extensions.BlameDataCollector: Resolving assembly.
TpTrace Information: 0 : 20444, 1, 2023/11/23, 12:38:23.332, 5344868429670, vstest.console.dll, AssemblyResolver.OnResolve: Microsoft.TestPlatform.Extensions.BlameDataCollector: Searching in: 'C:\Program Files\dotnet\sdk\6.0.417\Extensions'.
TpTrace Information: 0 : 20444, 1, 2023/11/23, 12:38:23.332, 5344868435527, vstest.console.dll, AssemblyResolver.OnResolve: Microsoft.TestPlatform.Extensions.BlameDataCollector: Loading assembly 'C:\Program Files\dotnet\sdk\6.0.417\Extensions\Microsoft.TestPlatform.Extensions.BlameDataCollector.dll'.
TpTrace Information: 0 : 20444, 1, 2023/11/23, 12:38:23.333, 5344868442691, vstest.console.dll, AssemblyResolver.OnResolve: Resolved assembly: Microsoft.TestPlatform.Extensions.BlameDataCollector, from path: C:\Program Files\dotnet\sdk\6.0.417\Extensions\Microsoft.TestPlatform.Extensions.BlameDataCollector.dll
TpTrace Verbose: 0 : 20444, 1, 2023/11/23, 12:38:23.333, 5344868443573, vstest.console.dll, MetadataReaderExtensionsHelper: Discovering extensions inside assembly 'Microsoft.TestPlatform.Extensions.BlameDataCollector, Version=15.0.0.0, Culture=neutral, PublicKeyToken=b03f5f7f11d50a3a' file path 'C:\Program Files\dotnet\sdk\6.0.417\Extensions\Microsoft.TestPlatform.Extensions.BlameDataCollector.dll'
TpTrace Information: 0 : 20444, 1, 2023/11/23, 12:38:23.335, 5344868462005, vstest.console.dll, AssemblyResolver.OnResolve: Microsoft.TestPlatform.Extensions.EventLogCollector: Resolving assembly.
TpTrace Information: 0 : 20444, 1, 2023/11/23, 12:38:23.335, 5344868463369, vstest.console.dll, AssemblyResolver.OnResolve: Microsoft.TestPlatform.Extensions.EventLogCollector: Searching in: 'C:\Program Files\dotnet\sdk\6.0.417\Extensions'.
TpTrace Information: 0 : 20444, 1, 2023/11/23, 12:38:23.336, 5344868469975, vstest.console.dll, AssemblyResolver.OnResolve: Microsoft.TestPlatform.Extensions.EventLogCollector: Loading assembly 'C:\Program Files\dotnet\sdk\6.0.417\Extensions\Microsoft.TestPlatform.Extensions.EventLogCollector.dll'.
TpTrace Information: 0 : 20444, 1, 2023/11/23, 12:38:23.336, 5344868475686, vstest.console.dll, AssemblyResolver.OnResolve: Resolved assembly: Microsoft.TestPlatform.Extensions.EventLogCollector, from path: C:\Program Files\dotnet\sdk\6.0.417\Extensions\Microsoft.TestPlatform.Extensions.EventLogCollector.dll
TpTrace Verbose: 0 : 20444, 1, 2023/11/23, 12:38:23.336, 5344868476505, vstest.console.dll, MetadataReaderExtensionsHelper: Discovering extensions inside assembly 'Microsoft.TestPlatform.Extensions.EventLogCollector, Version=15.0.0.0, Culture=neutral, PublicKeyToken=b03f5f7f11d50a3a' file path 'C:\Program Files\dotnet\sdk\6.0.417\Extensions\Microsoft.TestPlatform.Extensions.EventLogCollector.dll'
TpTrace Information: 0 : 20444, 1, 2023/11/23, 12:38:23.339, 5344868504839, vstest.console.dll, AssemblyResolver.OnResolve: Microsoft.TestPlatform.TestHostRuntimeProvider: Resolving assembly.
TpTrace Information: 0 : 20444, 1, 2023/11/23, 12:38:23.339, 5344868505636, vstest.console.dll, AssemblyResolver.OnResolve: Microsoft.TestPlatform.TestHostRuntimeProvider: Searching in: 'C:\Program Files\dotnet\sdk\6.0.417\Extensions'.
TpTrace Information: 0 : 20444, 1, 2023/11/23, 12:38:23.340, 5344868510550, vstest.console.dll, AssemblyResolver.OnResolve: Microsoft.TestPlatform.TestHostRuntimeProvider: Loading assembly 'C:\Program Files\dotnet\sdk\6.0.417\Extensions\Microsoft.TestPlatform.TestHostRuntimeProvider.dll'.
TpTrace Information: 0 : 20444, 1, 2023/11/23, 12:38:23.340, 5344868517039, vstest.console.dll, AssemblyResolver.OnResolve: Resolved assembly: Microsoft.TestPlatform.TestHostRuntimeProvider, from path: C:\Program Files\dotnet\sdk\6.0.417\Extensions\Microsoft.TestPlatform.TestHostRuntimeProvider.dll
TpTrace Verbose: 0 : 20444, 1, 2023/11/23, 12:38:23.340, 5344868517836, vstest.console.dll, MetadataReaderExtensionsHelper: Discovering extensions inside assembly 'Microsoft.TestPlatform.TestHostRuntimeProvider, Version=15.0.0.0, Culture=neutral, PublicKeyToken=b03f5f7f11d50a3a' file path 'C:\Program Files\dotnet\sdk\6.0.417\Extensions\Microsoft.TestPlatform.TestHostRuntimeProvider.dll'
TpTrace Information: 0 : 20444, 1, 2023/11/23, 12:38:23.342, 5344868537674, vstest.console.dll, GetTestExtensionFromType: Register extension with identifier data 'HostProvider://DefaultTestHost' and type 'Microsoft.VisualStudio.TestPlatform.CrossPlatEngine.Hosting.DefaultTestHostManager, Microsoft.TestPlatform.TestHostRuntimeProvider, Version=15.0.0.0, Culture=neutral, PublicKeyToken=b03f5f7f11d50a3a' inside file 'C:\Program Files\dotnet\sdk\6.0.417\Extensions\Microsoft.TestPlatform.TestHostRuntimeProvider.dll'
TpTrace Information: 0 : 20444, 1, 2023/11/23, 12:38:23.343, 5344868538756, vstest.console.dll, GetTestExtensionFromType: Register extension with identifier data 'HostProvider://DotnetTestHost' and type 'Microsoft.VisualStudio.TestPlatform.CrossPlatEngine.Hosting.DotnetTestHostManager, Microsoft.TestPlatform.TestHostRuntimeProvider, Version=15.0.0.0, Culture=neutral, PublicKeyToken=b03f5f7f11d50a3a' inside file 'C:\Program Files\dotnet\sdk\6.0.417\Extensions\Microsoft.TestPlatform.TestHostRuntimeProvider.dll'
TpTrace Information: 0 : 20444, 1, 2023/11/23, 12:38:23.343, 5344868539617, vstest.console.dll, AssemblyResolver.OnResolve: Microsoft.VisualStudio.TestPlatform.Extensions.Html.TestLogger: Resolving assembly.
TpTrace Information: 0 : 20444, 1, 2023/11/23, 12:38:23.343, 5344868540036, vstest.console.dll, AssemblyResolver.OnResolve: Microsoft.VisualStudio.TestPlatform.Extensions.Html.TestLogger: Searching in: 'C:\Program Files\dotnet\sdk\6.0.417\Extensions'.
TpTrace Information: 0 : 20444, 1, 2023/11/23, 12:38:23.343, 5344868545492, vstest.console.dll, AssemblyResolver.OnResolve: Microsoft.VisualStudio.TestPlatform.Extensions.Html.TestLogger: Loading assembly 'C:\Program Files\dotnet\sdk\6.0.417\Extensions\Microsoft.VisualStudio.TestPlatform.Extensions.Html.TestLogger.dll'.
TpTrace Information: 0 : 20444, 1, 2023/11/23, 12:38:23.344, 5344868552030, vstest.console.dll, AssemblyResolver.OnResolve: Resolved assembly: Microsoft.VisualStudio.TestPlatform.Extensions.Html.TestLogger, from path: C:\Program Files\dotnet\sdk\6.0.417\Extensions\Microsoft.VisualStudio.TestPlatform.Extensions.Html.TestLogger.dll
TpTrace Verbose: 0 : 20444, 1, 2023/11/23, 12:38:23.344, 5344868552888, vstest.console.dll, MetadataReaderExtensionsHelper: Discovering extensions inside assembly 'Microsoft.VisualStudio.TestPlatform.Extensions.Html.TestLogger, Version=15.0.0.0, Culture=neutral, PublicKeyToken=b03f5f7f11d50a3a' file path 'C:\Program Files\dotnet\sdk\6.0.417\Extensions\Microsoft.VisualStudio.TestPlatform.Extensions.Html.TestLogger.dll'
TpTrace Information: 0 : 20444, 1, 2023/11/23, 12:38:23.345, 5344868561724, vstest.console.dll, AssemblyResolver.OnResolve: Microsoft.VisualStudio.TestPlatform.Extensions.Trx.TestLogger: Resolving assembly.
TpTrace Information: 0 : 20444, 1, 2023/11/23, 12:38:23.345, 5344868562436, vstest.console.dll, AssemblyResolver.OnResolve: Microsoft.VisualStudio.TestPlatform.Extensions.Trx.TestLogger: Searching in: 'C:\Program Files\dotnet\sdk\6.0.417\Extensions'.
TpTrace Information: 0 : 20444, 1, 2023/11/23, 12:38:23.346, 5344868568567, vstest.console.dll, AssemblyResolver.OnResolve: Microsoft.VisualStudio.TestPlatform.Extensions.Trx.TestLogger: Loading assembly 'C:\Program Files\dotnet\sdk\6.0.417\Extensions\Microsoft.VisualStudio.TestPlatform.Extensions.Trx.TestLogger.dll'.
TpTrace Information: 0 : 20444, 1, 2023/11/23, 12:38:23.346, 5344868575505, vstest.console.dll, AssemblyResolver.OnResolve: Resolved assembly: Microsoft.VisualStudio.TestPlatform.Extensions.Trx.TestLogger, from path: C:\Program Files\dotnet\sdk\6.0.417\Extensions\Microsoft.VisualStudio.TestPlatform.Extensions.Trx.TestLogger.dll
TpTrace Verbose: 0 : 20444, 1, 2023/11/23, 12:38:23.346, 5344868576471, vstest.console.dll, MetadataReaderExtensionsHelper: Discovering extensions inside assembly 'Microsoft.VisualStudio.TestPlatform.Extensions.Trx.TestLogger, Version=15.0.0.0, Culture=neutral, PublicKeyToken=b03f5f7f11d50a3a' file path 'C:\Program Files\dotnet\sdk\6.0.417\Extensions\Microsoft.VisualStudio.TestPlatform.Extensions.Trx.TestLogger.dll'
TpTrace Verbose: 0 : 20444, 1, 2023/11/23, 12:38:23.348, 5344868590160, vstest.console.dll, TestPluginCache: Discovered the extensions using extension path ''.
TpTrace Verbose: 0 : 20444, 1, 2023/11/23, 12:38:23.348, 5344868591001, vstest.console.dll, TestPluginCache: Discoverers are ''.
TpTrace Verbose: 0 : 20444, 1, 2023/11/23, 12:38:23.348, 5344868591344, vstest.console.dll, TestPluginCache: Executors are ''.
TpTrace Verbose: 0 : 20444, 1, 2023/11/23, 12:38:23.348, 5344868591643, vstest.console.dll, TestPluginCache: Executors2 are ''.
TpTrace Verbose: 0 : 20444, 1, 2023/11/23, 12:38:23.348, 5344868591935, vstest.console.dll, TestPluginCache: Setting providers are ''.
TpTrace Verbose: 0 : 20444, 1, 2023/11/23, 12:38:23.348, 5344868592224, vstest.console.dll, TestPluginCache: Loggers are ''.
TpTrace Verbose: 0 : 20444, 1, 2023/11/23, 12:38:23.348, 5344868593989, vstest.console.dll, TestPluginCache: TestHosts are 'HostProvider://DefaultTestHost,HostProvider://DotnetTestHost'.
TpTrace Verbose: 0 : 20444, 1, 2023/11/23, 12:38:23.348, 5344868594482, vstest.console.dll, TestPluginCache: DataCollectors are ''.
TpTrace Information: 0 : 20444, 1, 2023/11/23, 12:38:23.370, 5344868815809, vstest.console.dll, RunTestsArgumentProcessor:Execute: Test run is starting.
TpTrace Verbose: 0 : 20444, 1, 2023/11/23, 12:38:23.370, 5344868816949, vstest.console.dll, RunTestsArgumentProcessor:Execute: Queuing Test run.
TpTrace Information: 0 : 20444, 1, 2023/11/23, 12:38:23.371, 5344868820526, vstest.console.dll, TestRequestManager.RunTests: run tests started.
TpTrace Information: 0 : 20444, 1, 2023/11/23, 12:38:23.374, 5344868849737, vstest.console.dll, AssemblyMetadataProvider.GetFrameworkName: Determined framework:'.NETCoreApp,Version=v6.0' for source: 'D:\PruebaCeiba\PruebaIngresoBibliotecario\PruebaIngresoBibliotecario.Api.Tests\bin\Debug\net6.0\fine-code-coverage\build-output\PruebaIngresoBibliotecario.Api.Tests.dll'
TpTrace Information: 0 : 20444, 1, 2023/11/23, 12:38:23.374, 5344868852043, vstest.console.dll, Determined framework for all sources: .NETCoreApp,Version=v6.0
TpTrace Verbose: 0 : 20444, 1, 2023/11/23, 12:38:23.375, 5344868860945, vstest.console.dll, TestRequestManager.UpdateRunSettingsIfRequired: Default architecture: X64 IsDefaultTargetArchitecture: True, Current process architecture: X64 OperatingSystem: Windows.
TpTrace Information: 0 : 20444, 1, 2023/11/23, 12:38:23.378, 5344868897200, vstest.console.dll, AssemblyMetadataProvider.GetArchitecture: Determined architecture:AnyCPU info for assembly: D:\PruebaCeiba\PruebaIngresoBibliotecario\PruebaIngresoBibliotecario.Api.Tests\bin\Debug\net6.0\fine-code-coverage\build-output\PruebaIngresoBibliotecario.Api.Tests.dll
TpTrace Information: 0 : 20444, 1, 2023/11/23, 12:38:23.379, 5344868898354, vstest.console.dll, Determined platform for source 'D:\PruebaCeiba\PruebaIngresoBibliotecario\PruebaIngresoBibliotecario.Api.Tests\bin\Debug\net6.0\fine-code-coverage\build-output\PruebaIngresoBibliotecario.Api.Tests.dll' was AnyCPU and it will use the default plaform X64.
TpTrace Information: 0 : 20444, 1, 2023/11/23, 12:38:23.379, 5344868898768, vstest.console.dll, None of the sources provided any runnable platform, using the default platform: X64
TpTrace Information: 0 : 20444, 1, 2023/11/23, 12:38:23.379, 5344868899894, vstest.console.dll, Platform was updated to 'X64'.
TpTrace Information: 0 : 20444, 1, 2023/11/23, 12:38:23.386, 5344868976575, vstest.console.dll, InferRunSettingsHelper.IsTestSettingsEnabled: Unable to navigate to RunSettings/MSTest. Current node: RunSettings
TpTrace Information: 0 : 20444, 1, 2023/11/23, 12:38:23.387, 5344868988211, vstest.console.dll, AssemblyResolver.OnResolve: Microsoft.VisualStudio.TestPlatform.Fakes: Resolving assembly.
TpTrace Information: 0 : 20444, 1, 2023/11/23, 12:38:23.388, 5344868989354, vstest.console.dll, AssemblyResolver.OnResolve: Microsoft.VisualStudio.TestPlatform.Fakes: Searching in: 'C:\Program Files\dotnet\sdk\6.0.417\Extensions'.
TpTrace Information: 0 : 20444, 1, 2023/11/23, 12:38:23.388, 5344868990943, vstest.console.dll, AssemblyResolver.OnResolve: Microsoft.VisualStudio.TestPlatform.Fakes: Assembly path does not exist: 'C:\Program Files\dotnet\sdk\6.0.417\Extensions\Microsoft.VisualStudio.TestPlatform.Fakes.dll', returning.
TpTrace Information: 0 : 20444, 1, 2023/11/23, 12:38:23.388, 5344868992176, vstest.console.dll, AssemblyResolver.OnResolve: Microsoft.VisualStudio.TestPlatform.Fakes: Assembly path does not exist: 'C:\Program Files\dotnet\sdk\6.0.417\Extensions\Microsoft.VisualStudio.TestPlatform.Fakes.exe', returning.
TpTrace Information: 0 : 20444, 1, 2023/11/23, 12:38:23.388, 5344868992965, vstest.console.dll, AssemblyResolver.OnResolve: Microsoft.VisualStudio.TestPlatform.Fakes: Searching in: 'C:\Program Files\dotnet\sdk\6.0.417'.
TpTrace Information: 0 : 20444, 1, 2023/11/23, 12:38:23.388, 5344868994323, vstest.console.dll, AssemblyResolver.OnResolve: Microsoft.VisualStudio.TestPlatform.Fakes: Assembly path does not exist: 'C:\Program Files\dotnet\sdk\6.0.417\Microsoft.VisualStudio.TestPlatform.Fakes.dll', returning.
TpTrace Information: 0 : 20444, 1, 2023/11/23, 12:38:23.388, 5344868995684, vstest.console.dll, AssemblyResolver.OnResolve: Microsoft.VisualStudio.TestPlatform.Fakes: Assembly path does not exist: 'C:\Program Files\dotnet\sdk\6.0.417\Microsoft.VisualStudio.TestPlatform.Fakes.exe', returning.
TpTrace Information: 0 : 20444, 1, 2023/11/23, 12:38:23.388, 5344868996461, vstest.console.dll, AssemblyResolver.OnResolve: Microsoft.VisualStudio.TestPlatform.Fakes: Failed to load assembly.
TpTrace Information: 0 : 20444, 1, 2023/11/23, 12:38:23.389, 5344869001943, vstest.console.dll, Failed to load assembly Microsoft.VisualStudio.TestPlatform.Fakes, Version=17.0.0.0, Culture=neutral. Reason:System.IO.FileNotFoundException: Could not load file or assembly 'Microsoft.VisualStudio.TestPlatform.Fakes, Version=17.0.0.0, Culture=neutral, PublicKeyToken=null'. El sistema no puede encontrar el archivo especificado.
File name: 'Microsoft.VisualStudio.TestPlatform.Fakes, Version=17.0.0.0, Culture=neutral, PublicKeyToken=null'
   at System.Reflection.RuntimeAssembly.InternalLoad(ObjectHandleOnStack assemblyName, ObjectHandleOnStack requestingAssembly, StackCrawlMarkHandle stackMark, Boolean throwOnFileNotFound, ObjectHandleOnStack assemblyLoadContext, ObjectHandleOnStack retAssembly)
   at System.Reflection.RuntimeAssembly.InternalLoad(AssemblyName assemblyName, RuntimeAssembly requestingAssembly, StackCrawlMark& stackMark, Boolean throwOnFileNotFound, AssemblyLoadContext assemblyLoadContext)
   at System.Reflection.Assembly.Load(AssemblyName assemblyRef)
   at Microsoft.VisualStudio.TestPlatform.Common.Utilities.FakesUtilities.LoadTestPlatformAssembly()
TpTrace Verbose: 0 : 20444, 1, 2023/11/23, 12:38:23.392, 5344869034898, vstest.console.dll, TestPluginCache: Update extensions started. Skip filter = False
TpTrace Verbose: 0 : 20444, 1, 2023/11/23, 12:38:23.393, 5344869039112, vstest.console.dll, TestPluginCache: Using directories for assembly resolution 'D:\PruebaCeiba\PruebaIngresoBibliotecario\PruebaIngresoBibliotecario.Api.Tests\bin\Debug\net6.0\fine-code-coverage\build-output'.
TpTrace Verbose: 0 : 20444, 1, 2023/11/23, 12:38:23.393, 5344869040009, vstest.console.dll, TestPluginCache: Updated the available extensions to 'D:\PruebaCeiba\PruebaIngresoBibliotecario\PruebaIngresoBibliotecario.Api.Tests\bin\Debug\net6.0\fine-code-coverage\build-output\Microsoft.VisualStudio.TestPlatform.Extension.Xunit.Xml.TestLogger.dll'.
TpTrace Verbose: 0 : 20444, 1, 2023/11/23, 12:38:23.396, 5344869076310, vstest.console.dll, TestPluginCache.DiscoverTestExtensions: finding test extensions in assemblies ends with: TestLogger.dll TPluginInfo: Microsoft.VisualStudio.TestPlatform.Common.ExtensionFramework.Utilities.TestLoggerPluginInformation TExtension: Microsoft.VisualStudio.TestPlatform.ObjectModel.Client.ITestLogger
TpTrace Verbose: 0 : 20444, 1, 2023/11/23, 12:38:23.397, 5344869078394, vstest.console.dll, TestPluginCache.GetExtensionPaths: Filtered extension paths: D:\PruebaCeiba\PruebaIngresoBibliotecario\PruebaIngresoBibliotecario.Api.Tests\bin\Debug\net6.0\fine-code-coverage\build-output\Microsoft.VisualStudio.TestPlatform.Extension.Xunit.Xml.TestLogger.dll
TpTrace Verbose: 0 : 20444, 1, 2023/11/23, 12:38:23.397, 5344869082237, vstest.console.dll, TestPluginCache.GetExtensionPaths: Added default extension paths: C:\Program Files\dotnet\sdk\6.0.417\Extensions\Microsoft.Diagnostics.NETCore.Client.dll
C:\Program Files\dotnet\sdk\6.0.417\Extensions\Microsoft.TestPlatform.Extensions.BlameDataCollector.dll
C:\Program Files\dotnet\sdk\6.0.417\Extensions\Microsoft.TestPlatform.Extensions.EventLogCollector.dll
C:\Program Files\dotnet\sdk\6.0.417\Extensions\Microsoft.TestPlatform.TestHostRuntimeProvider.dll
C:\Program Files\dotnet\sdk\6.0.417\Extensions\Microsoft.VisualStudio.TestPlatform.Extensions.Html.TestLogger.dll
C:\Program Files\dotnet\sdk\6.0.417\Extensions\Microsoft.VisualStudio.TestPlatform.Extensions.Trx.TestLogger.dll
TpTrace Verbose: 0 : 20444, 1, 2023/11/23, 12:38:23.397, 5344869083155, vstest.console.dll, TestPluginCache.GetExtensionPaths: Added unfilterableExtensionPaths: 
TpTrace Information: 0 : 20444, 1, 2023/11/23, 12:38:23.397, 5344869085538, vstest.console.dll, AssemblyResolver.AddSearchDirectories: Adding more searchDirectories D:\PruebaCeiba\PruebaIngresoBibliotecario\PruebaIngresoBibliotecario.Api.Tests\bin\Debug\net6.0\fine-code-coverage\build-output,C:\Program Files\dotnet\sdk\6.0.417\Extensions,C:\Program Files\dotnet\sdk\6.0.417
TpTrace Verbose: 0 : 20444, 1, 2023/11/23, 12:38:23.397, 5344869087342, vstest.console.dll, TestPluginCache.DiscoverTestExtensions: Discovering the extensions using extension path.
TpTrace Verbose: 0 : 20444, 1, 2023/11/23, 12:38:23.398, 5344869089051, vstest.console.dll, TestPluginCache.GetExtensionPaths: Filtered extension paths: D:\PruebaCeiba\PruebaIngresoBibliotecario\PruebaIngresoBibliotecario.Api.Tests\bin\Debug\net6.0\fine-code-coverage\build-output\Microsoft.VisualStudio.TestPlatform.Extension.Xunit.Xml.TestLogger.dll
TpTrace Verbose: 0 : 20444, 1, 2023/11/23, 12:38:23.398, 5344869089794, vstest.console.dll, TestPluginCache.GetExtensionPaths: Added default extension paths: C:\Program Files\dotnet\sdk\6.0.417\Extensions\Microsoft.Diagnostics.NETCore.Client.dll
C:\Program Files\dotnet\sdk\6.0.417\Extensions\Microsoft.TestPlatform.Extensions.BlameDataCollector.dll
C:\Program Files\dotnet\sdk\6.0.417\Extensions\Microsoft.TestPlatform.Extensions.EventLogCollector.dll
C:\Program Files\dotnet\sdk\6.0.417\Extensions\Microsoft.TestPlatform.TestHostRuntimeProvider.dll
C:\Program Files\dotnet\sdk\6.0.417\Extensions\Microsoft.VisualStudio.TestPlatform.Extensions.Html.TestLogger.dll
C:\Program Files\dotnet\sdk\6.0.417\Extensions\Microsoft.VisualStudio.TestPlatform.Extensions.Trx.TestLogger.dll
TpTrace Verbose: 0 : 20444, 1, 2023/11/23, 12:38:23.398, 5344869090542, vstest.console.dll, TestPluginCache.GetExtensionPaths: Added unfilterableExtensionPaths: 
TpTrace Verbose: 0 : 20444, 1, 2023/11/23, 12:38:23.398, 5344869091415, vstest.console.dll, TestPluginCache.DiscoverTestExtensions: Discovering the extensions using allExtensionPaths: D:\PruebaCeiba\PruebaIngresoBibliotecario\PruebaIngresoBibliotecario.Api.Tests\bin\Debug\net6.0\fine-code-coverage\build-output\Microsoft.VisualStudio.TestPlatform.Extension.Xunit.Xml.TestLogger.dll
C:\Program Files\dotnet\sdk\6.0.417\Extensions\Microsoft.Diagnostics.NETCore.Client.dll
C:\Program Files\dotnet\sdk\6.0.417\Extensions\Microsoft.TestPlatform.Extensions.BlameDataCollector.dll
C:\Program Files\dotnet\sdk\6.0.417\Extensions\Microsoft.TestPlatform.Extensions.EventLogCollector.dll
C:\Program Files\dotnet\sdk\6.0.417\Extensions\Microsoft.TestPlatform.TestHostRuntimeProvider.dll
C:\Program Files\dotnet\sdk\6.0.417\Extensions\Microsoft.VisualStudio.TestPlatform.Extensions.Html.TestLogger.dll
C:\Program Files\dotnet\sdk\6.0.417\Extensions\Microsoft.VisualStudio.TestPlatform.Extensions.Trx.TestLogger.dll
TpTrace Information: 0 : 20444, 1, 2023/11/23, 12:38:23.398, 5344869092656, vstest.console.dll, AssemblyResolver.AddSearchDirectories: Adding more searchDirectories D:\PruebaCeiba\PruebaIngresoBibliotecario\PruebaIngresoBibliotecario.Api.Tests\bin\Debug\net6.0\fine-code-coverage\build-output,C:\Program Files\dotnet\sdk\6.0.417
TpTrace Information: 0 : 20444, 1, 2023/11/23, 12:38:23.398, 5344869093565, vstest.console.dll, AssemblyResolver.AddSearchDirectories: Adding more searchDirectories C:\Program Files\dotnet\sdk\6.0.417\Extensions,C:\Program Files\dotnet\sdk\6.0.417
TpTrace Information: 0 : 20444, 1, 2023/11/23, 12:38:23.398, 5344869094254, vstest.console.dll, AssemblyResolver.AddSearchDirectories: Adding more searchDirectories C:\Program Files\dotnet\sdk\6.0.417\Extensions,C:\Program Files\dotnet\sdk\6.0.417
TpTrace Information: 0 : 20444, 1, 2023/11/23, 12:38:23.398, 5344869094966, vstest.console.dll, AssemblyResolver.AddSearchDirectories: Adding more searchDirectories C:\Program Files\dotnet\sdk\6.0.417\Extensions,C:\Program Files\dotnet\sdk\6.0.417
TpTrace Information: 0 : 20444, 1, 2023/11/23, 12:38:23.398, 5344869095833, vstest.console.dll, AssemblyResolver.AddSearchDirectories: Adding more searchDirectories C:\Program Files\dotnet\sdk\6.0.417\Extensions,C:\Program Files\dotnet\sdk\6.0.417
TpTrace Information: 0 : 20444, 1, 2023/11/23, 12:38:23.398, 5344869096776, vstest.console.dll, AssemblyResolver.AddSearchDirectories: Adding more searchDirectories C:\Program Files\dotnet\sdk\6.0.417\Extensions,C:\Program Files\dotnet\sdk\6.0.417
TpTrace Information: 0 : 20444, 1, 2023/11/23, 12:38:23.398, 5344869097644, vstest.console.dll, AssemblyResolver.AddSearchDirectories: Adding more searchDirectories C:\Program Files\dotnet\sdk\6.0.417\Extensions,C:\Program Files\dotnet\sdk\6.0.417
TpTrace Information: 0 : 20444, 1, 2023/11/23, 12:38:23.399, 5344869101187, vstest.console.dll, AssemblyResolver.OnResolve: Microsoft.VisualStudio.TestPlatform.Extension.Xunit.Xml.TestLogger: Resolving assembly.
TpTrace Information: 0 : 20444, 1, 2023/11/23, 12:38:23.399, 5344869102374, vstest.console.dll, AssemblyResolver.OnResolve: Microsoft.VisualStudio.TestPlatform.Extension.Xunit.Xml.TestLogger: Searching in: 'C:\Program Files\dotnet\sdk\6.0.417\Extensions'.
TpTrace Information: 0 : 20444, 1, 2023/11/23, 12:38:23.399, 5344869104591, vstest.console.dll, AssemblyResolver.OnResolve: Microsoft.VisualStudio.TestPlatform.Extension.Xunit.Xml.TestLogger: Assembly path does not exist: 'C:\Program Files\dotnet\sdk\6.0.417\Extensions\Microsoft.VisualStudio.TestPlatform.Extension.Xunit.Xml.TestLogger.dll', returning.
TpTrace Information: 0 : 20444, 1, 2023/11/23, 12:38:23.399, 5344869106052, vstest.console.dll, AssemblyResolver.OnResolve: Microsoft.VisualStudio.TestPlatform.Extension.Xunit.Xml.TestLogger: Assembly path does not exist: 'C:\Program Files\dotnet\sdk\6.0.417\Extensions\Microsoft.VisualStudio.TestPlatform.Extension.Xunit.Xml.TestLogger.exe', returning.
TpTrace Information: 0 : 20444, 1, 2023/11/23, 12:38:23.399, 5344869107335, vstest.console.dll, AssemblyResolver.OnResolve: Microsoft.VisualStudio.TestPlatform.Extension.Xunit.Xml.TestLogger: Searching in: 'C:\Program Files\dotnet\sdk\6.0.417'.
TpTrace Information: 0 : 20444, 1, 2023/11/23, 12:38:23.400, 5344869109041, vstest.console.dll, AssemblyResolver.OnResolve: Microsoft.VisualStudio.TestPlatform.Extension.Xunit.Xml.TestLogger: Assembly path does not exist: 'C:\Program Files\dotnet\sdk\6.0.417\Microsoft.VisualStudio.TestPlatform.Extension.Xunit.Xml.TestLogger.dll', returning.
TpTrace Information: 0 : 20444, 1, 2023/11/23, 12:38:23.400, 5344869110608, vstest.console.dll, AssemblyResolver.OnResolve: Microsoft.VisualStudio.TestPlatform.Extension.Xunit.Xml.TestLogger: Assembly path does not exist: 'C:\Program Files\dotnet\sdk\6.0.417\Microsoft.VisualStudio.TestPlatform.Extension.Xunit.Xml.TestLogger.exe', returning.
TpTrace Information: 0 : 20444, 1, 2023/11/23, 12:38:23.400, 5344869111334, vstest.console.dll, AssemblyResolver.OnResolve: Microsoft.VisualStudio.TestPlatform.Extension.Xunit.Xml.TestLogger: Searching in: 'D:\PruebaCeiba\PruebaIngresoBibliotecario\PruebaIngresoBibliotecario.Api.Tests\bin\Debug\net6.0\fine-code-coverage\build-output'.
TpTrace Information: 0 : 20444, 1, 2023/11/23, 12:38:23.400, 5344869116328, vstest.console.dll, AssemblyResolver.OnResolve: Microsoft.VisualStudio.TestPlatform.Extension.Xunit.Xml.TestLogger: Loading assembly 'D:\PruebaCeiba\PruebaIngresoBibliotecario\PruebaIngresoBibliotecario.Api.Tests\bin\Debug\net6.0\fine-code-coverage\build-output\Microsoft.VisualStudio.TestPlatform.Extension.Xunit.Xml.TestLogger.dll'.
TpTrace Information: 0 : 20444, 1, 2023/11/23, 12:38:23.401, 5344869123458, vstest.console.dll, AssemblyResolver.OnResolve: Resolved assembly: Microsoft.VisualStudio.TestPlatform.Extension.Xunit.Xml.TestLogger, from path: D:\PruebaCeiba\PruebaIngresoBibliotecario\PruebaIngresoBibliotecario.Api.Tests\bin\Debug\net6.0\fine-code-coverage\build-output\Microsoft.VisualStudio.TestPlatform.Extension.Xunit.Xml.TestLogger.dll
TpTrace Verbose: 0 : 20444, 1, 2023/11/23, 12:38:23.401, 5344869125784, vstest.console.dll, MetadataReaderExtensionsHelper: Discovering extensions inside assembly 'Microsoft.VisualStudio.TestPlatform.Extension.Xunit.Xml.TestLogger, Version=2.1.26.0, Culture=neutral, PublicKeyToken=null' file path 'D:\PruebaCeiba\PruebaIngresoBibliotecario\PruebaIngresoBibliotecario.Api.Tests\bin\Debug\net6.0\fine-code-coverage\build-output\Microsoft.VisualStudio.TestPlatform.Extension.Xunit.Xml.TestLogger.dll'
TpTrace Information: 0 : 20444, 1, 2023/11/23, 12:38:23.403, 5344869141186, vstest.console.dll, GetTestExtensionFromType: Register extension with identifier data 'logger://Microsoft/TestPlatform/XUnitXmlLogger/v1' and type 'Microsoft.VisualStudio.TestPlatform.Extension.Xunit.Xml.TestLogger.XunitXmlTestLogger, Microsoft.VisualStudio.TestPlatform.Extension.Xunit.Xml.TestLogger, Version=2.1.26.0, Culture=neutral, PublicKeyToken=null' inside file 'D:\PruebaCeiba\PruebaIngresoBibliotecario\PruebaIngresoBibliotecario.Api.Tests\bin\Debug\net6.0\fine-code-coverage\build-output\Microsoft.VisualStudio.TestPlatform.Extension.Xunit.Xml.TestLogger.dll'
TpTrace Verbose: 0 : 20444, 1, 2023/11/23, 12:38:23.403, 5344869143067, vstest.console.dll, MetadataReaderExtensionsHelper: Discovering extensions inside assembly 'Microsoft.Diagnostics.NETCore.Client, Version=0.2.6.42401, Culture=neutral, PublicKeyToken=31bf3856ad364e35' file path 'C:\Program Files\dotnet\sdk\6.0.417\Extensions\Microsoft.Diagnostics.NETCore.Client.dll'
TpTrace Information: 0 : 20444, 1, 2023/11/23, 12:38:23.404, 5344869156087, vstest.console.dll, AssemblyResolver.OnResolve: Microsoft.Bcl.AsyncInterfaces: Resolving assembly.
TpTrace Information: 0 : 20444, 1, 2023/11/23, 12:38:23.404, 5344869156951, vstest.console.dll, AssemblyResolver.OnResolve: Microsoft.Bcl.AsyncInterfaces: Resolved from cache.
TpTrace Verbose: 0 : 20444, 1, 2023/11/23, 12:38:23.404, 5344869157700, vstest.console.dll, CurrentDomainAssemblyResolve: Resolving assembly 'Microsoft.Bcl.AsyncInterfaces'.
TpTrace Information: 0 : 20444, 1, 2023/11/23, 12:38:23.405, 5344869158493, vstest.console.dll, AssemblyResolver.OnResolve: Microsoft.Bcl.AsyncInterfaces: Resolving assembly.
TpTrace Information: 0 : 20444, 1, 2023/11/23, 12:38:23.405, 5344869159111, vstest.console.dll, AssemblyResolver.OnResolve: Microsoft.Bcl.AsyncInterfaces: Resolved from cache.
TpTrace Verbose: 0 : 20444, 1, 2023/11/23, 12:38:23.405, 5344869159629, vstest.console.dll, CurrentDomainAssemblyResolve: Resolving assembly 'Microsoft.Bcl.AsyncInterfaces'.
TpTrace Verbose: 0 : 20444, 1, 2023/11/23, 12:38:23.405, 5344869160087, vstest.console.dll, CurrentDomainAssemblyResolve: Failed to resolve assembly 'Microsoft.Bcl.AsyncInterfaces'.
TpTrace Verbose: 0 : 20444, 1, 2023/11/23, 12:38:23.405, 5344869163081, vstest.console.dll, CurrentDomainAssemblyResolve: Failed to resolve assembly 'Microsoft.Bcl.AsyncInterfaces'.
TpTrace Warning: 0 : 20444, 1, 2023/11/23, 12:38:23.406, 5344869173835, vstest.console.dll, TestPluginDiscoverer: Failed to get types from assembly 'Microsoft.Diagnostics.NETCore.Client, Version=0.2.6.42401, Culture=neutral, PublicKeyToken=31bf3856ad364e35'. Error: System.Reflection.ReflectionTypeLoadException: Unable to load one or more of the requested types.
Could not load file or assembly 'Microsoft.Bcl.AsyncInterfaces, Version=1.0.0.0, Culture=neutral, PublicKeyToken=cc7b13ffcd2ddd51'. El sistema no puede encontrar el archivo especificado.
   at System.Reflection.RuntimeModule.GetTypes(RuntimeModule module)
   at System.Reflection.Assembly.GetTypes()
   at Microsoft.VisualStudio.TestPlatform.Common.ExtensionFramework.TestPluginDiscoverer.GetTestExtensionsFromAssembly[TPluginInfo,TExtension](Assembly assembly, Dictionary`2 pluginInfos, String filePath)
System.IO.FileNotFoundException: Could not load file or assembly 'Microsoft.Bcl.AsyncInterfaces, Version=1.0.0.0, Culture=neutral, PublicKeyToken=cc7b13ffcd2ddd51'. El sistema no puede encontrar el archivo especificado.
File name: 'Microsoft.Bcl.AsyncInterfaces, Version=1.0.0.0, Culture=neutral, PublicKeyToken=cc7b13ffcd2ddd51'
 ---> System.IO.FileNotFoundException: Could not load file or assembly 'Microsoft.Bcl.AsyncInterfaces, Culture=neutral, PublicKeyToken=null'. El sistema no puede encontrar el archivo especificado.
File name: 'Microsoft.Bcl.AsyncInterfaces, Culture=neutral, PublicKeyToken=null'
   at System.Reflection.RuntimeAssembly.InternalLoad(ObjectHandleOnStack assemblyName, ObjectHandleOnStack requestingAssembly, StackCrawlMarkHandle stackMark, Boolean throwOnFileNotFound, ObjectHandleOnStack assemblyLoadContext, ObjectHandleOnStack retAssembly)
   at System.Reflection.RuntimeAssembly.InternalLoad(AssemblyName assemblyName, RuntimeAssembly requestingAssembly, StackCrawlMark& stackMark, Boolean throwOnFileNotFound, AssemblyLoadContext assemblyLoadContext)
   at System.Reflection.Assembly.Load(AssemblyName assemblyRef)
   at Microsoft.VisualStudio.TestPlatform.Common.ExtensionFramework.TestPluginCache.CurrentDomainAssemblyResolve(Object sender, AssemblyResolveEventArgs args)
   at Microsoft.VisualStudio.TestPlatform.PlatformAbstractions.PlatformAssemblyResolver.AssemblyResolverEvent(Object sender, Object eventArgs)
   at System.Runtime.Loader.AssemblyLoadContext.GetFirstResolvedAssemblyFromResolvingEvent(AssemblyName assemblyName)
   at System.Runtime.Loader.AssemblyLoadContext.ResolveUsingEvent(AssemblyName assemblyName)
   at System.Runtime.Loader.AssemblyLoadContext.ResolveUsingResolvingEvent(IntPtr gchManagedAssemblyLoadContext, AssemblyName assemblyName)
TpTrace Warning: 0 : 20444, 1, 2023/11/23, 12:38:23.407, 5344869180632, vstest.console.dll, LoaderExceptions: System.IO.FileNotFoundException: Could not load file or assembly 'Microsoft.Bcl.AsyncInterfaces, Version=1.0.0.0, Culture=neutral, PublicKeyToken=cc7b13ffcd2ddd51'. El sistema no puede encontrar el archivo especificado.
File name: 'Microsoft.Bcl.AsyncInterfaces, Version=1.0.0.0, Culture=neutral, PublicKeyToken=cc7b13ffcd2ddd51'
 ---> System.IO.FileNotFoundException: Could not load file or assembly 'Microsoft.Bcl.AsyncInterfaces, Culture=neutral, PublicKeyToken=null'. El sistema no puede encontrar el archivo especificado.
File name: 'Microsoft.Bcl.AsyncInterfaces, Culture=neutral, PublicKeyToken=null'
   at System.Reflection.RuntimeAssembly.InternalLoad(ObjectHandleOnStack assemblyName, ObjectHandleOnStack requestingAssembly, StackCrawlMarkHandle stackMark, Boolean throwOnFileNotFound, ObjectHandleOnStack assemblyLoadContext, ObjectHandleOnStack retAssembly)
   at System.Reflection.RuntimeAssembly.InternalLoad(AssemblyName assemblyName, RuntimeAssembly requestingAssembly, StackCrawlMark& stackMark, Boolean throwOnFileNotFound, AssemblyLoadContext assemblyLoadContext)
   at System.Reflection.Assembly.Load(AssemblyName assemblyRef)
   at Microsoft.VisualStudio.TestPlatform.Common.ExtensionFramework.TestPluginCache.CurrentDomainAssemblyResolve(Object sender, AssemblyResolveEventArgs args)
   at Microsoft.VisualStudio.TestPlatform.PlatformAbstractions.PlatformAssemblyResolver.AssemblyResolverEvent(Object sender, Object eventArgs)
   at System.Runtime.Loader.AssemblyLoadContext.GetFirstResolvedAssemblyFromResolvingEvent(AssemblyName assemblyName)
   at System.Runtime.Loader.AssemblyLoadContext.ResolveUsingEvent(AssemblyName assemblyName)
   at System.Runtime.Loader.AssemblyLoadContext.ResolveUsingResolvingEvent(IntPtr gchManagedAssemblyLoadContext, AssemblyName assemblyName)
TpTrace Verbose: 0 : 20444, 1, 2023/11/23, 12:38:23.407, 5344869182800, vstest.console.dll, MetadataReaderExtensionsHelper: Discovering extensions inside assembly 'Microsoft.TestPlatform.Extensions.BlameDataCollector, Version=15.0.0.0, Culture=neutral, PublicKeyToken=b03f5f7f11d50a3a' file path 'C:\Program Files\dotnet\sdk\6.0.417\Extensions\Microsoft.TestPlatform.Extensions.BlameDataCollector.dll'
TpTrace Information: 0 : 20444, 1, 2023/11/23, 12:38:23.408, 5344869196535, vstest.console.dll, GetTestExtensionFromType: Register extension with identifier data 'logger://Microsoft/TestPlatform/Extensions/Blame/v1' and type 'Microsoft.TestPlatform.Extensions.BlameDataCollector.BlameLogger, Microsoft.TestPlatform.Extensions.BlameDataCollector, Version=15.0.0.0, Culture=neutral, PublicKeyToken=b03f5f7f11d50a3a' inside file 'C:\Program Files\dotnet\sdk\6.0.417\Extensions\Microsoft.TestPlatform.Extensions.BlameDataCollector.dll'
TpTrace Verbose: 0 : 20444, 1, 2023/11/23, 12:38:23.408, 5344869198064, vstest.console.dll, MetadataReaderExtensionsHelper: Discovering extensions inside assembly 'Microsoft.TestPlatform.Extensions.EventLogCollector, Version=15.0.0.0, Culture=neutral, PublicKeyToken=b03f5f7f11d50a3a' file path 'C:\Program Files\dotnet\sdk\6.0.417\Extensions\Microsoft.TestPlatform.Extensions.EventLogCollector.dll'
TpTrace Verbose: 0 : 20444, 1, 2023/11/23, 12:38:23.410, 5344869209101, vstest.console.dll, MetadataReaderExtensionsHelper: Discovering extensions inside assembly 'Microsoft.TestPlatform.TestHostRuntimeProvider, Version=15.0.0.0, Culture=neutral, PublicKeyToken=b03f5f7f11d50a3a' file path 'C:\Program Files\dotnet\sdk\6.0.417\Extensions\Microsoft.TestPlatform.TestHostRuntimeProvider.dll'
TpTrace Verbose: 0 : 20444, 1, 2023/11/23, 12:38:23.411, 5344869219733, vstest.console.dll, MetadataReaderExtensionsHelper: Discovering extensions inside assembly 'Microsoft.VisualStudio.TestPlatform.Extensions.Html.TestLogger, Version=15.0.0.0, Culture=neutral, PublicKeyToken=b03f5f7f11d50a3a' file path 'C:\Program Files\dotnet\sdk\6.0.417\Extensions\Microsoft.VisualStudio.TestPlatform.Extensions.Html.TestLogger.dll'
TpTrace Information: 0 : 20444, 1, 2023/11/23, 12:38:23.412, 5344869232801, vstest.console.dll, GetTestExtensionFromType: Register extension with identifier data 'logger://Microsoft/TestPlatform/HtmlLogger/v1' and type 'Microsoft.VisualStudio.TestPlatform.Extensions.HtmlLogger.HtmlLogger, Microsoft.VisualStudio.TestPlatform.Extensions.Html.TestLogger, Version=15.0.0.0, Culture=neutral, PublicKeyToken=b03f5f7f11d50a3a' inside file 'C:\Program Files\dotnet\sdk\6.0.417\Extensions\Microsoft.VisualStudio.TestPlatform.Extensions.Html.TestLogger.dll'
TpTrace Verbose: 0 : 20444, 1, 2023/11/23, 12:38:23.412, 5344869234839, vstest.console.dll, MetadataReaderExtensionsHelper: Discovering extensions inside assembly 'Microsoft.VisualStudio.TestPlatform.Extensions.Trx.TestLogger, Version=15.0.0.0, Culture=neutral, PublicKeyToken=b03f5f7f11d50a3a' file path 'C:\Program Files\dotnet\sdk\6.0.417\Extensions\Microsoft.VisualStudio.TestPlatform.Extensions.Trx.TestLogger.dll'
TpTrace Information: 0 : 20444, 1, 2023/11/23, 12:38:23.413, 5344869244319, vstest.console.dll, GetTestExtensionFromType: Register extension with identifier data 'logger://Microsoft/TestPlatform/TrxLogger/v1' and type 'Microsoft.VisualStudio.TestPlatform.Extensions.TrxLogger.TrxLogger, Microsoft.VisualStudio.TestPlatform.Extensions.Trx.TestLogger, Version=15.0.0.0, Culture=neutral, PublicKeyToken=b03f5f7f11d50a3a' inside file 'C:\Program Files\dotnet\sdk\6.0.417\Extensions\Microsoft.VisualStudio.TestPlatform.Extensions.Trx.TestLogger.dll'
TpTrace Verbose: 0 : 20444, 1, 2023/11/23, 12:38:23.413, 5344869245738, vstest.console.dll, TestPluginCache: Discovered the extensions using extension path 'D:\PruebaCeiba\PruebaIngresoBibliotecario\PruebaIngresoBibliotecario.Api.Tests\bin\Debug\net6.0\fine-code-coverage\build-output\Microsoft.VisualStudio.TestPlatform.Extension.Xunit.Xml.TestLogger.dll'.
TpTrace Verbose: 0 : 20444, 1, 2023/11/23, 12:38:23.413, 5344869246238, vstest.console.dll, TestPluginCache: Discoverers are ''.
TpTrace Verbose: 0 : 20444, 1, 2023/11/23, 12:38:23.413, 5344869246563, vstest.console.dll, TestPluginCache: Executors are ''.
TpTrace Verbose: 0 : 20444, 1, 2023/11/23, 12:38:23.413, 5344869246863, vstest.console.dll, TestPluginCache: Executors2 are ''.
TpTrace Verbose: 0 : 20444, 1, 2023/11/23, 12:38:23.413, 5344869247225, vstest.console.dll, TestPluginCache: Setting providers are ''.
TpTrace Verbose: 0 : 20444, 1, 2023/11/23, 12:38:23.413, 5344869247993, vstest.console.dll, TestPluginCache: Loggers are 'logger://Microsoft/TestPlatform/XUnitXmlLogger/v1,logger://Microsoft/TestPlatform/Extensions/Blame/v1,logger://Microsoft/TestPlatform/HtmlLogger/v1,logger://Microsoft/TestPlatform/TrxLogger/v1'.
TpTrace Verbose: 0 : 20444, 1, 2023/11/23, 12:38:23.414, 5344869248696, vstest.console.dll, TestPluginCache: TestHosts are 'HostProvider://DefaultTestHost,HostProvider://DotnetTestHost'.
TpTrace Verbose: 0 : 20444, 1, 2023/11/23, 12:38:23.414, 5344869249141, vstest.console.dll, TestPluginCache: DataCollectors are ''.
TpTrace Information: 0 : 20444, 1, 2023/11/23, 12:38:23.414, 5344869256831, vstest.console.dll, TestPluginManager.CreateTestExtension: Attempting to load test extension: Microsoft.TestPlatform.Extensions.BlameDataCollector.BlameLogger
TpTrace Verbose: 0 : 20444, 1, 2023/11/23, 12:38:23.422, 5344869331564, vstest.console.dll, TestEngine: Initializing Parallel Execution as MaxCpuCount is set to: 1
TpTrace Information: 0 : 20444, 1, 2023/11/23, 12:38:23.424, 5344869349586, vstest.console.dll, TestPluginManager.CreateTestExtension: Attempting to load test extension: Microsoft.VisualStudio.TestPlatform.CrossPlatEngine.Hosting.DefaultTestHostManager
TpTrace Information: 0 : 20444, 1, 2023/11/23, 12:38:23.425, 5344869366054, vstest.console.dll, TestPluginManager.CreateTestExtension: Attempting to load test extension: Microsoft.VisualStudio.TestPlatform.CrossPlatEngine.Hosting.DotnetTestHostManager
TpTrace Information: 0 : 20444, 1, 2023/11/23, 12:38:23.427, 5344869379716, vstest.console.dll, InferRunSettingsHelper.IsTestSettingsEnabled: Unable to navigate to RunSettings/MSTest. Current node: RunSettings
TpTrace Verbose: 0 : 20444, 1, 2023/11/23, 12:38:23.434, 5344869455333, vstest.console.dll, TestEngine.GetExecutionManager: Chosen execution manager 'Microsoft.VisualStudio.TestPlatform.CrossPlatEngine.Client.Parallel.ParallelProxyExecutionManager, Microsoft.TestPlatform.CrossPlatEngine, Version=15.0.0.0, Culture=neutral, PublicKeyToken=b03f5f7f11d50a3a' ParallelLevel '1'.
TpTrace Verbose: 0 : 20444, 1, 2023/11/23, 12:38:23.434, 5344869456956, vstest.console.dll, TestRunRequest.ExecuteAsync: Creating test run request.
TpTrace Verbose: 0 : 20444, 1, 2023/11/23, 12:38:23.435, 5344869460122, vstest.console.dll, TestRunRequest.ExecuteAsync: Starting.
TpTrace Information: 0 : 20444, 1, 2023/11/23, 12:38:23.435, 5344869463232, vstest.console.dll, TestRunRequest.ExecuteAsync: Starting run with settings:TestRunCriteria:
   KeepAlive=False,FrequencyOfRunStatsChangeEvent=10,RunStatsChangeEventTimeout=00:00:01.5000000,TestCaseFilter=,TestExecutorLauncher=
   Settingsxml=<RunSettings>
  <RunConfiguration>
    <ResultsDirectory>D:\PruebaCeiba\PruebaIngresoBibliotecario\PruebaIngresoBibliotecario.Api.Tests\bin\Debug\net6.0\fine-code-coverage\coverage-tool-output</ResultsDirectory>
    <TargetPlatform>X64</TargetPlatform>
    <TargetFrameworkVersion>.NETCoreApp,Version=v6.0</TargetFrameworkVersion>
    <DesignMode>False</DesignMode>
    <CollectSourceInformation>False</CollectSourceInformation>
  </RunConfiguration>
  <LoggerRunSettings>
    <Loggers>
      <Logger friendlyName="blame" enabled="True" />
      <Logger friendlyName="Console" uri="logger://microsoft/TestPlatform/ConsoleLogger/v1" assemblyQualifiedName="Microsoft.VisualStudio.TestPlatform.CommandLine.Internal.ConsoleLogger, vstest.console, Version=15.0.0.0, Culture=neutral, PublicKeyToken=b03f5f7f11d50a3a" codeBase="C:\Program Files\dotnet\sdk\6.0.417\vstest.console.dll" enabled="True" />
    </Loggers>
  </LoggerRunSettings>
  <DataCollectionRunSettings>
    <DataCollectors>
      <DataCollector friendlyName="blame" enabled="True">
        <Configuration>
          <ResultsDirectory>D:\PruebaCeiba\PruebaIngresoBibliotecario\PruebaIngresoBibliotecario.Api.Tests\bin\Debug\net6.0\fine-code-coverage\coverage-tool-output</ResultsDirectory>
        </Configuration>
      </DataCollector>
    </DataCollectors>
  </DataCollectionRunSettings>
</RunSettings>

TpTrace Verbose: 0 : 20444, 1, 2023/11/23, 12:38:23.435, 5344869463803, vstest.console.dll, TestRunRequest.ExecuteAsync: Wait for the first run request is over.
TpTrace Verbose: 0 : 20444, 1, 2023/11/23, 12:38:23.435, 5344869466767, vstest.console.dll, MulticastDelegateUtilities.SafeInvoke: TestRun.TestRunStart: Invoking callbacks was skipped because there are no subscribers.
TpTrace Verbose: 0 : 20444, 4, 2023/11/23, 12:38:23.436, 5344869469324, vstest.console.dll, MulticastDelegateUtilities.SafeInvoke: InternalTestLoggerEvents.SendTestRunStart: Invoking callback 1/1 for Microsoft.VisualStudio.TestPlatform.CommandLine.Internal.ConsoleLogger.TestRunStartHandler, took 0 ms.
TpTrace Verbose: 0 : 20444, 1, 2023/11/23, 12:38:23.437, 5344869480705, vstest.console.dll, ParallelProxyExecutionManager: Start execution. Total sources: 1
TpTrace Verbose: 0 : 20444, 1, 2023/11/23, 12:38:23.439, 5344869500806, vstest.console.dll, TestRequestSender is acting as server.
TpTrace Verbose: 0 : 20444, 1, 2023/11/23, 12:38:23.440, 5344869517576, vstest.console.dll, DataCollectionRequestSender.InitializeCommunication : Initialize communication. 
TpTrace Information: 0 : 20444, 1, 2023/11/23, 12:38:23.453, 5344869638777, vstest.console.dll, Listening on Endpoint : 127.0.0.1:55646
TpTrace Verbose: 0 : 20444, 1, 2023/11/23, 12:38:23.470, 5344869816231, vstest.console.dll, DotnetDataCollectionLauncher: Adding  --runtimeconfig "C:\Program Files\dotnet\sdk\6.0.417\datacollector.runtimeconfig.json" in args
TpTrace Verbose: 0 : 20444, 1, 2023/11/23, 12:38:23.470, 5344869818072, vstest.console.dll, DotnetDataCollectionLauncher: Adding  --depsfile "C:\Program Files\dotnet\sdk\6.0.417\datacollector.deps.json" in args
TpTrace Verbose: 0 : 20444, 1, 2023/11/23, 12:38:23.471, 5344869823328, vstest.console.dll, DotnetDataCollectionLauncher: Full path of dotnet.exe is C:\Program Files\dotnet\dotnet.exe
TpTrace Information: 0 : 20444, 1, 2023/11/23, 12:38:23.495, 5344870064937, vstest.console.dll, ProxyDataCollectionManager.Initialize: Launched datacollector processId: 10636 port: 55646
TpTrace Information: 0 : 20444, 1, 2023/11/23, 12:38:23.495, 5344870067236, vstest.console.dll, ProxyDataCollectionManager.Initialize: waiting for connection with timeout: 90 seconds
TpTrace Verbose: 0 : 20444, 1, 2023/11/23, 12:38:23.496, 5344870068278, vstest.console.dll, DataCollectionRequestSender.WaitForRequestHandlerConnection : Waiting for connection with timeout: 90000
TpTrace Verbose: 0 : 20444, 1, 2023/11/23, 12:38:23.679, 5344871902271, vstest.console.dll, SocketCommunicationManager.WaitForClientConnection took: 183 ms, with 90000 ms timeout, and finished with True.
TpTrace Information: 0 : 20444, 5, 2023/11/23, 12:38:23.679, 5344871902200, vstest.console.dll, Using the buffer size of 16384 bytes
TpTrace Information: 0 : 20444, 5, 2023/11/23, 12:38:23.679, 5344871904190, vstest.console.dll, Accepted Client request and set the flag
TpTrace Verbose: 0 : 20444, 1, 2023/11/23, 12:38:23.679, 5344871904271, vstest.console.dll, ProxyDataCollectionManager.InvokeDataCollectionServiceAction: Starting.
TpTrace Information: 0 : 20444, 1, 2023/11/23, 12:38:23.679, 5344871905990, vstest.console.dll, ProxyDataCollectionManager.BeforeTestRunStart: Get environment variable and port for datacollector processId: 10636 port: 55646
TpTrace Verbose: 0 : 20444, 1, 2023/11/23, 12:38:23.679, 5344871907555, vstest.console.dll, DataCollectionRequestSender.SendBeforeTestRunStartAndGetResult: Send BeforeTestRunStart message with settingsXml <RunSettings><RunConfiguration><ResultsDirectory>D:\PruebaCeiba\PruebaIngresoBibliotecario\PruebaIngresoBibliotecario.Api.Tests\bin\Debug\net6.0\fine-code-coverage\coverage-tool-output</ResultsDirectory><TargetPlatform>X64</TargetPlatform><TargetFrameworkVersion>.NETCoreApp,Version=v6.0</TargetFrameworkVersion><DesignMode>False</DesignMode><CollectSourceInformation>False</CollectSourceInformation><TestAdaptersPaths>C:\Program Files\dotnet\sdk\6.0.417\Extensions</TestAdaptersPaths></RunConfiguration><LoggerRunSettings><Loggers><Logger friendlyName="blame" enabled="True" /><Logger friendlyName="Console" uri="logger://microsoft/TestPlatform/ConsoleLogger/v1" assemblyQualifiedName="Microsoft.VisualStudio.TestPlatform.CommandLine.Internal.ConsoleLogger, vstest.console, Version=15.0.0.0, Culture=neutral, PublicKeyToken=b03f5f7f11d50a3a" codeBase="C:\Program Files\dotnet\sdk\6.0.417\vstest.console.dll" enabled="True" /></Loggers></LoggerRunSettings><DataCollectionRunSettings><DataCollectors><DataCollector friendlyName="blame" enabled="True"><Configuration><ResultsDirectory>D:\PruebaCeiba\PruebaIngresoBibliotecario\PruebaIngresoBibliotecario.Api.Tests\bin\Debug\net6.0\fine-code-coverage\coverage-tool-output</ResultsDirectory></Configuration></DataCollector></DataCollectors></DataCollectionRunSettings></RunSettings> and sources System.Collections.Generic.List`1[System.String]: 
TpTrace Verbose: 0 : 20444, 1, 2023/11/23, 12:38:23.778, 5344872890549, vstest.console.dll, DataCollectionRequestSender.SendBeforeTestRunStartAndGetResult: Received message: (DataCollection.SendMessage) -> {"MessageType":"DataCollection.SendMessage","Payload":{"FriendlyName":null,"Uri":null,"TestCaseId":"00000000-0000-0000-0000-000000000000","Message":"Logging DataCollector Diagnostics in file: D:\\PruebaCeiba\\PruebaIngresoBibliotecario\\PruebaIngresoBibliotecario.Api.Tests\\bin\\Debug\\net6.0\\fine-code-coverage\\coverage-tool-output\\diagnostics.datacollector.23-11-23_12-38-23_47029_1.log","Level":0}}
TpTrace Information: 0 : 20444, 1, 2023/11/23, 12:38:23.793, 5344873043588, vstest.console.dll, AssemblyResolver.OnResolve: Microsoft.VisualStudio.TestPlatform.Common.resources: Resolving assembly.
TpTrace Information: 0 : 20444, 1, 2023/11/23, 12:38:23.793, 5344873045094, vstest.console.dll, AssemblyResolver.OnResolve: Microsoft.VisualStudio.TestPlatform.Common.resources: Searching in: 'C:\Program Files\dotnet\sdk\6.0.417\Extensions'.
TpTrace Information: 0 : 20444, 1, 2023/11/23, 12:38:23.793, 5344873046254, vstest.console.dll, AssemblyResolver.OnResolve: Microsoft.VisualStudio.TestPlatform.Common.resources: Assembly path does not exist: 'C:\Program Files\dotnet\sdk\6.0.417\Extensions\Microsoft.VisualStudio.TestPlatform.Common.resources.dll', returning.
TpTrace Information: 0 : 20444, 1, 2023/11/23, 12:38:23.793, 5344873047360, vstest.console.dll, AssemblyResolver.OnResolve: Microsoft.VisualStudio.TestPlatform.Common.resources: Assembly path does not exist: 'C:\Program Files\dotnet\sdk\6.0.417\Extensions\Microsoft.VisualStudio.TestPlatform.Common.resources.exe', returning.
TpTrace Information: 0 : 20444, 1, 2023/11/23, 12:38:23.793, 5344873047984, vstest.console.dll, AssemblyResolver.OnResolve: Microsoft.VisualStudio.TestPlatform.Common.resources: Searching in: 'C:\Program Files\dotnet\sdk\6.0.417'.
TpTrace Information: 0 : 20444, 1, 2023/11/23, 12:38:23.794, 5344873049152, vstest.console.dll, AssemblyResolver.OnResolve: Microsoft.VisualStudio.TestPlatform.Common.resources: Assembly path does not exist: 'C:\Program Files\dotnet\sdk\6.0.417\Microsoft.VisualStudio.TestPlatform.Common.resources.dll', returning.
TpTrace Information: 0 : 20444, 1, 2023/11/23, 12:38:23.794, 5344873050287, vstest.console.dll, AssemblyResolver.OnResolve: Microsoft.VisualStudio.TestPlatform.Common.resources: Assembly path does not exist: 'C:\Program Files\dotnet\sdk\6.0.417\Microsoft.VisualStudio.TestPlatform.Common.resources.exe', returning.
TpTrace Information: 0 : 20444, 1, 2023/11/23, 12:38:23.794, 5344873051028, vstest.console.dll, AssemblyResolver.OnResolve: Microsoft.VisualStudio.TestPlatform.Common.resources: Searching in: 'D:\PruebaCeiba\PruebaIngresoBibliotecario\PruebaIngresoBibliotecario.Api.Tests\bin\Debug\net6.0\fine-code-coverage\build-output'.
TpTrace Information: 0 : 20444, 1, 2023/11/23, 12:38:23.794, 5344873052267, vstest.console.dll, AssemblyResolver.OnResolve: Microsoft.VisualStudio.TestPlatform.Common.resources: Assembly path does not exist: 'D:\PruebaCeiba\PruebaIngresoBibliotecario\PruebaIngresoBibliotecario.Api.Tests\bin\Debug\net6.0\fine-code-coverage\build-output\Microsoft.VisualStudio.TestPlatform.Common.resources.dll', returning.
TpTrace Information: 0 : 20444, 1, 2023/11/23, 12:38:23.794, 5344873052969, vstest.console.dll, AssemblyResolver.OnResolve: Microsoft.VisualStudio.TestPlatform.Common.resources: Assembly path does not exist: 'D:\PruebaCeiba\PruebaIngresoBibliotecario\PruebaIngresoBibliotecario.Api.Tests\bin\Debug\net6.0\fine-code-coverage\build-output\Microsoft.VisualStudio.TestPlatform.Common.resources.exe', returning.
TpTrace Information: 0 : 20444, 1, 2023/11/23, 12:38:23.794, 5344873053357, vstest.console.dll, AssemblyResolver.OnResolve: Microsoft.VisualStudio.TestPlatform.Common.resources: Failed to load assembly.
TpTrace Verbose: 0 : 20444, 1, 2023/11/23, 12:38:23.911, 5344874218929, vstest.console.dll, DataCollectionRequestSender.SendBeforeTestRunStartAndGetResult: Received message: (DataCollection.BeforeTestRunStartResult) -> {"MessageType":"DataCollection.BeforeTestRunStartResult","Payload":{"EnvironmentVariables":{},"DataCollectionEventsPort":55648}}
TpTrace Information: 0 : 20444, 1, 2023/11/23, 12:38:23.916, 5344874277932, vstest.console.dll, ProxyDataCollectionManager.BeforeTestRunStart: SendBeforeTestRunStartAndGetResult successful, env variable from datacollector:   and testhost port: 55648
TpTrace Information: 0 : 20444, 1, 2023/11/23, 12:38:23.917, 5344874278970, vstest.console.dll, ProxyDataCollectionManager.InvokeDataCollectionServiceAction: Completed.
TpTrace Verbose: 0 : 20444, 7, 2023/11/23, 12:38:23.917, 5344874280920, vstest.console.dll, ParallelProxyExecutionManager: Execution started. Started clients: 1
TpTrace Verbose: 0 : 20444, 1, 2023/11/23, 12:38:23.917, 5344874281613, vstest.console.dll, ProxyParallelExecutionManager: No sources available for execution.
TpTrace Information: 0 : 20444, 1, 2023/11/23, 12:38:23.917, 5344874282357, vstest.console.dll, TestRunRequest.ExecuteAsync: Started.
TpTrace Verbose: 0 : 20444, 1, 2023/11/23, 12:38:23.917, 5344874283101, vstest.console.dll, TestRunRequest.WaitForCompletion: Waiting with timeout -1.
TpTrace Verbose: 0 : 20444, 7, 2023/11/23, 12:38:23.917, 5344874283815, vstest.console.dll, TestRunRequest:SendTestRunMessage: Starting.
TpTrace Verbose: 0 : 20444, 4, 2023/11/23, 12:38:23.917, 5344874285614, vstest.console.dll, MulticastDelegateUtilities.SafeInvoke: InternalTestLoggerEvents.SendTestRunMessage: Invoking callback 1/1 for Microsoft.VisualStudio.TestPlatform.CommandLine.Internal.ConsoleLogger.TestMessageHandler, took 0 ms.
TpTrace Verbose: 0 : 20444, 7, 2023/11/23, 12:38:23.917, 5344874285607, vstest.console.dll, MulticastDelegateUtilities.SafeInvoke: TestRun.LogMessages: Invoking callback 1/1 for Microsoft.VisualStudio.TestPlatform.CommandLine.TestRunResultAggregator.TestRunMessageHandler, took 0 ms.
TpTrace Information: 0 : 20444, 7, 2023/11/23, 12:38:23.917, 5344874287144, vstest.console.dll, TestRunRequest:SendTestRunMessage: Completed.
TpTrace Verbose: 0 : 20444, 7, 2023/11/23, 12:38:23.918, 5344874289322, vstest.console.dll, ProxyExecutionManager: Test host is always Lazy initialize.
TpTrace Verbose: 0 : 20444, 7, 2023/11/23, 12:38:23.918, 5344874291340, vstest.console.dll, TestRequestSender.InitializeCommunication: initialize communication. 
TpTrace Information: 0 : 20444, 7, 2023/11/23, 12:38:23.918, 5344874295966, vstest.console.dll, SocketServer.Start: Listening on endpoint : 127.0.0.1:55649
TpTrace Verbose: 0 : 20444, 7, 2023/11/23, 12:38:23.919, 5344874302138, vstest.console.dll, DotnetTestHostmanager.GetTestHostProcessStartInfo: Platform environment 'X64' target architecture 'X64' framework '.NETCoreApp,Version=v6.0' OS 'Windows'
TpTrace Verbose: 0 : 20444, 7, 2023/11/23, 12:38:23.919, 5344874303609, vstest.console.dll, DotnetTestHostmanager: Adding  --runtimeconfig "D:\PruebaCeiba\PruebaIngresoBibliotecario\PruebaIngresoBibliotecario.Api.Tests\bin\Debug\net6.0\fine-code-coverage\build-output\PruebaIngresoBibliotecario.Api.Tests.runtimeconfig.json" in args
TpTrace Verbose: 0 : 20444, 7, 2023/11/23, 12:38:23.919, 5344874304276, vstest.console.dll, DotnetTestHostmanager: Adding  --depsfile "D:\PruebaCeiba\PruebaIngresoBibliotecario\PruebaIngresoBibliotecario.Api.Tests\bin\Debug\net6.0\fine-code-coverage\build-output\PruebaIngresoBibliotecario.Api.Tests.deps.json" in args
TpTrace Verbose: 0 : 20444, 7, 2023/11/23, 12:38:23.919, 5344874305859, vstest.console.dll, DotnetTestHostmanager.IsWinOnArm: Current PROCESSOR_ARCHITECTURE from environment variable 'AMD64'
TpTrace Verbose: 0 : 20444, 7, 2023/11/23, 12:38:23.919, 5344874306466, vstest.console.dll, DotnetTestHostmanager.IsWinOnArm: Is Windows on ARM 'False'
TpTrace Information: 0 : 20444, 7, 2023/11/23, 12:38:23.919, 5344874307657, vstest.console.dll, AssemblyResolver.OnResolve: Microsoft.Extensions.DependencyModel: Resolving assembly.
TpTrace Information: 0 : 20444, 7, 2023/11/23, 12:38:23.920, 5344874308253, vstest.console.dll, AssemblyResolver.OnResolve: Microsoft.Extensions.DependencyModel: Searching in: 'C:\Program Files\dotnet\sdk\6.0.417\Extensions'.
TpTrace Information: 0 : 20444, 7, 2023/11/23, 12:38:23.920, 5344874309171, vstest.console.dll, AssemblyResolver.OnResolve: Microsoft.Extensions.DependencyModel: Assembly path does not exist: 'C:\Program Files\dotnet\sdk\6.0.417\Extensions\Microsoft.Extensions.DependencyModel.dll', returning.
TpTrace Information: 0 : 20444, 7, 2023/11/23, 12:38:23.920, 5344874309926, vstest.console.dll, AssemblyResolver.OnResolve: Microsoft.Extensions.DependencyModel: Assembly path does not exist: 'C:\Program Files\dotnet\sdk\6.0.417\Extensions\Microsoft.Extensions.DependencyModel.exe', returning.
TpTrace Information: 0 : 20444, 7, 2023/11/23, 12:38:23.920, 5344874310335, vstest.console.dll, AssemblyResolver.OnResolve: Microsoft.Extensions.DependencyModel: Searching in: 'C:\Program Files\dotnet\sdk\6.0.417'.
TpTrace Information: 0 : 20444, 7, 2023/11/23, 12:38:23.920, 5344874316606, vstest.console.dll, AssemblyResolver.OnResolve: Microsoft.Extensions.DependencyModel: Loading assembly 'C:\Program Files\dotnet\sdk\6.0.417\Microsoft.Extensions.DependencyModel.dll'.
TpTrace Information: 0 : 20444, 7, 2023/11/23, 12:38:23.921, 5344874323648, vstest.console.dll, AssemblyResolver.OnResolve: Resolved assembly: Microsoft.Extensions.DependencyModel, from path: C:\Program Files\dotnet\sdk\6.0.417\Microsoft.Extensions.DependencyModel.dll
TpTrace Verbose: 0 : 20444, 7, 2023/11/23, 12:38:23.921, 5344874326611, vstest.console.dll, DotnetTestHostmanager: Runtimeconfig.dev.json D:\PruebaCeiba\PruebaIngresoBibliotecario\PruebaIngresoBibliotecario.Api.Tests\bin\Debug\net6.0\fine-code-coverage\build-output\PruebaIngresoBibliotecario.Api.Tests.runtimeconfig.dev.json does not exist.
TpTrace Verbose: 0 : 20444, 7, 2023/11/23, 12:38:23.921, 5344874327474, vstest.console.dll, DotnetTestHostManager: Found testhost.dll in source directory: D:\PruebaCeiba\PruebaIngresoBibliotecario\PruebaIngresoBibliotecario.Api.Tests\bin\Debug\net6.0\fine-code-coverage\build-output\testhost.dll.
TpTrace Verbose: 0 : 20444, 7, 2023/11/23, 12:38:23.922, 5344874328245, vstest.console.dll, DotnetTestHostmanager: Current process architetcure 'X64'
TpTrace Verbose: 0 : 20444, 7, 2023/11/23, 12:38:23.922, 5344874332501, vstest.console.dll, DotnetTestHostmanager.LaunchTestHostAsync: Compatible muxer architecture of running process 'X64' and target architecture 'X64'
TpTrace Verbose: 0 : 20444, 7, 2023/11/23, 12:38:23.922, 5344874332997, vstest.console.dll, DotnetTestHostmanager: Full path of testhost.dll is D:\PruebaCeiba\PruebaIngresoBibliotecario\PruebaIngresoBibliotecario.Api.Tests\bin\Debug\net6.0\fine-code-coverage\build-output\testhost.dll
TpTrace Verbose: 0 : 20444, 7, 2023/11/23, 12:38:23.922, 5344874333464, vstest.console.dll, DotnetTestHostmanager: Full path of host exe is C:\Program Files\dotnet\dotnet.exe
TpTrace Verbose: 0 : 20444, 7, 2023/11/23, 12:38:23.922, 5344874335341, vstest.console.dll, DotnetTestHostManager: Starting process 'C:\Program Files\dotnet\dotnet.exe' with command line 'exec --runtimeconfig "D:\PruebaCeiba\PruebaIngresoBibliotecario\PruebaIngresoBibliotecario.Api.Tests\bin\Debug\net6.0\fine-code-coverage\build-output\PruebaIngresoBibliotecario.Api.Tests.runtimeconfig.json" --depsfile "D:\PruebaCeiba\PruebaIngresoBibliotecario\PruebaIngresoBibliotecario.Api.Tests\bin\Debug\net6.0\fine-code-coverage\build-output\PruebaIngresoBibliotecario.Api.Tests.deps.json" "D:\PruebaCeiba\PruebaIngresoBibliotecario\PruebaIngresoBibliotecario.Api.Tests\bin\Debug\net6.0\fine-code-coverage\build-output\testhost.dll" --port 55649 --endpoint 127.0.0.1:055649 --role client --parentprocessid 20444 --diag "D:\PruebaCeiba\PruebaIngresoBibliotecario\PruebaIngresoBibliotecario.Api.Tests\bin\Debug\net6.0\fine-code-coverage\coverage-tool-output\diagnostics.host.23-11-23_12-38-23_91908_7.log" --tracelevel 4 --datacollectionport 55648 --telemetryoptedin false'
TpTrace Verbose: 0 : 20444, 7, 2023/11/23, 12:38:23.928, 5344874397365, vstest.console.dll, MulticastDelegateUtilities.SafeInvoke: HostProviderEvents.OnHostLaunched: Invoking callback 1/2 for Microsoft.VisualStudio.TestPlatform.CrossPlatEngine.Client.ProxyExecutionManagerWithDataCollection.TestHostLaunchedHandler, took 1 ms.
TpTrace Verbose: 0 : 20444, 7, 2023/11/23, 12:38:23.929, 5344874398807, vstest.console.dll, Test Runtime launched
TpTrace Verbose: 0 : 20444, 7, 2023/11/23, 12:38:23.929, 5344874399544, vstest.console.dll, MulticastDelegateUtilities.SafeInvoke: HostProviderEvents.OnHostLaunched: Invoking callback 2/2 for Microsoft.VisualStudio.TestPlatform.CrossPlatEngine.Client.ProxyOperationManager.TestHostManagerHostLaunched, took 0 ms.
TpTrace Verbose: 0 : 20444, 7, 2023/11/23, 12:38:23.929, 5344874401357, vstest.console.dll, TestRequestSender.WaitForRequestHandlerConnection: waiting for connection with timeout: 90000.
TpTrace Verbose: 0 : 20444, 7, 2023/11/23, 12:38:24.171, 5344876820749, vstest.console.dll, TestRequestSender.WaitForRequestHandlerConnection: waiting took 241 ms, with timeout 90000 ms, and result 0, which is success.
TpTrace Verbose: 0 : 20444, 12, 2023/11/23, 12:38:24.171, 5344876823039, vstest.console.dll, MulticastDelegateUtilities.SafeInvoke: SocketServer: ClientConnected: Invoking callback 1/1 for Microsoft.VisualStudio.TestPlatform.CommunicationUtilities.TestRequestSender.<InitializeCommunication>b__24_0, took 0 ms.
TpTrace Verbose: 0 : 20444, 12, 2023/11/23, 12:38:24.171, 5344876823962, vstest.console.dll, SocketServer.OnClientConnected: Client connected for endPoint: 127.0.0.1:55649, starting MessageLoopAsync:
TpTrace Verbose: 0 : 20444, 12, 2023/11/23, 12:38:24.171, 5344876826042, vstest.console.dll, TcpClientExtensions.MessageLoopAsync: Polling on remoteEndPoint: 127.0.0.1:55650 localEndPoint: 127.0.0.1:55649
TpTrace Verbose: 0 : 20444, 7, 2023/11/23, 12:38:24.172, 5344876832891, vstest.console.dll, TestRequestSender.CheckVersionWithTestHost: Sending check version message: {"MessageType":"ProtocolVersion","Payload":7}
TpTrace Verbose: 0 : 20444, 12, 2023/11/23, 12:38:24.371, 5344878826270, vstest.console.dll, TcpClientExtensions.MessageLoopAsync: NotifyDataAvailable remoteEndPoint: 127.0.0.1:55650 localEndPoint: 127.0.0.1:55649
TpTrace Verbose: 0 : 20444, 12, 2023/11/23, 12:38:24.372, 5344878828401, vstest.console.dll, TestRequestSender.CheckVersionWithTestHost: onMessageReceived received message: (ProtocolVersion) -> {"MessageType":"ProtocolVersion","Payload":2}
TpTrace Verbose: 0 : 20444, 12, 2023/11/23, 12:38:24.372, 5344878834706, vstest.console.dll, MulticastDelegateUtilities.SafeInvoke: LengthPrefixCommunicationChannel: MessageReceived: Invoking callback 1/1 for Microsoft.VisualStudio.TestPlatform.CommunicationUtilities.TestRequestSender+<>c__DisplayClass26_0.<CheckVersionWithTestHost>b__0, took 0 ms.
TpTrace Verbose: 0 : 20444, 7, 2023/11/23, 12:38:24.372, 5344878835480, vstest.console.dll, TestPluginCache.GetExtensionPaths: Filtered extension paths: 
TpTrace Verbose: 0 : 20444, 12, 2023/11/23, 12:38:24.372, 5344878836084, vstest.console.dll, TcpClientExtensions.MessageLoopAsync: Polling on remoteEndPoint: 127.0.0.1:55650 localEndPoint: 127.0.0.1:55649
TpTrace Verbose: 0 : 20444, 7, 2023/11/23, 12:38:24.372, 5344878836857, vstest.console.dll, TestPluginCache.GetExtensionPaths: Added default extension paths: C:\Program Files\dotnet\sdk\6.0.417\Extensions\Microsoft.Diagnostics.NETCore.Client.dll
C:\Program Files\dotnet\sdk\6.0.417\Extensions\Microsoft.TestPlatform.Extensions.BlameDataCollector.dll
C:\Program Files\dotnet\sdk\6.0.417\Extensions\Microsoft.TestPlatform.Extensions.EventLogCollector.dll
C:\Program Files\dotnet\sdk\6.0.417\Extensions\Microsoft.TestPlatform.TestHostRuntimeProvider.dll
C:\Program Files\dotnet\sdk\6.0.417\Extensions\Microsoft.VisualStudio.TestPlatform.Extensions.Html.TestLogger.dll
C:\Program Files\dotnet\sdk\6.0.417\Extensions\Microsoft.VisualStudio.TestPlatform.Extensions.Trx.TestLogger.dll
TpTrace Verbose: 0 : 20444, 7, 2023/11/23, 12:38:24.372, 5344878837593, vstest.console.dll, TestPluginCache.GetExtensionPaths: Added unfilterableExtensionPaths: 
TpTrace Verbose: 0 : 20444, 7, 2023/11/23, 12:38:24.376, 5344878877971, vstest.console.dll, TestRequestSender.InitializeExecution: Sending initialize execution with message: {"Version":2,"MessageType":"TestExecution.Initialize","Payload":["D:\\PruebaCeiba\\PruebaIngresoBibliotecario\\PruebaIngresoBibliotecario.Api.Tests\\bin\\Debug\\net6.0\\fine-code-coverage\\build-output\\Microsoft.VisualStudio.TestPlatform.Extension.Xunit.Xml.TestAdapter.dll","D:\\PruebaCeiba\\PruebaIngresoBibliotecario\\PruebaIngresoBibliotecario.Api.Tests\\bin\\Debug\\net6.0\\fine-code-coverage\\build-output\\xunit.runner.visualstudio.dotnetcore.testadapter.dll"]}
TpTrace Warning: 0 : 20444, 7, 2023/11/23, 12:38:24.377, 5344878882948, vstest.console.dll, InferRunSettingsHelper.MakeRunsettingsCompatible: Removing the following settings: TargetPlatform from RunSettings file. To use those settings please move to latest version of Microsoft.NET.Test.Sdk
TpTrace Verbose: 0 : 20444, 12, 2023/11/23, 12:38:24.388, 5344878990992, vstest.console.dll, TcpClientExtensions.MessageLoopAsync: NotifyDataAvailable remoteEndPoint: 127.0.0.1:55650 localEndPoint: 127.0.0.1:55649
TpTrace Verbose: 0 : 20444, 12, 2023/11/23, 12:38:24.388, 5344878992533, vstest.console.dll, TestRequestSender.OnExecutionMessageReceived: Received message: {"Version":2,"MessageType":"TestSession.Message","Payload":{"MessageLevel":0,"Message":"Registrando diagnstico de TestHost en el archivo: D:\\PruebaCeiba\\PruebaIngresoBibliotecario\\PruebaIngresoBibliotecario.Api.Tests\\bin\\Debug\\net6.0\\fine-code-coverage\\coverage-tool-output\\diagnostics.host.23-11-23_12-38-23_91908_7.log"}}
TpTrace Verbose: 0 : 20444, 7, 2023/11/23, 12:38:24.388, 5344878995151, vstest.console.dll, TestRequestSender.StartTestRun: Sending test run with message: {"Version":2,"MessageType":"TestExecution.StartWithSources","Payload":{"AdapterSourceMap":{"_none_":["D:\\PruebaCeiba\\PruebaIngresoBibliotecario\\PruebaIngresoBibliotecario.Api.Tests\\bin\\Debug\\net6.0\\fine-code-coverage\\build-output\\PruebaIngresoBibliotecario.Api.Tests.dll"]},"RunSettings":"<RunSettings>\r\n  <RunConfiguration>\r\n    <ResultsDirectory>D:\\PruebaCeiba\\PruebaIngresoBibliotecario\\PruebaIngresoBibliotecario.Api.Tests\\bin\\Debug\\net6.0\\fine-code-coverage\\coverage-tool-output</ResultsDirectory>\r\n    <TargetFrameworkVersion>.NETCoreApp,Version=v6.0</TargetFrameworkVersion>\r\n    <DesignMode>False</DesignMode>\r\n    <CollectSourceInformation>False</CollectSourceInformation>\r\n  </RunConfiguration>\r\n  <LoggerRunSettings>\r\n    <Loggers>\r\n      <Logger friendlyName=\"blame\" enabled=\"True\" />\r\n      <Logger friendlyName=\"Console\" uri=\"logger://microsoft/TestPlatform/ConsoleLogger/v1\" assemblyQualifiedName=\"Microsoft.VisualStudio.TestPlatform.CommandLine.Internal.ConsoleLogger, vstest.console, Version=15.0.0.0, Culture=neutral, PublicKeyToken=b03f5f7f11d50a3a\" codeBase=\"C:\\Program Files\\dotnet\\sdk\\6.0.417\\vstest.console.dll\" enabled=\"True\" />\r\n    </Loggers>\r\n  </LoggerRunSettings>\r\n  <DataCollectionRunSettings>\r\n    <DataCollectors>\r\n      <DataCollector friendlyName=\"blame\" enabled=\"True\">\r\n        <Configuration>\r\n          <ResultsDirectory>D:\\PruebaCeiba\\PruebaIngresoBibliotecario\\PruebaIngresoBibliotecario.Api.Tests\\bin\\Debug\\net6.0\\fine-code-coverage\\coverage-tool-output</ResultsDirectory>\r\n        </Configuration>\r\n      </DataCollector>\r\n    </DataCollectors>\r\n  </DataCollectionRunSettings>\r\n</RunSettings>","TestExecutionContext":{"FrequencyOfRunStatsChangeEvent":10,"RunStatsChangeEventTimeout":"00:00:01.5000000","InIsolation":false,"KeepAlive":false,"AreTestCaseLevelEventsRequired":false,"IsDebug":false,"TestCaseFilter":null,"FilterOptions":null},"Package":null}}
TpTrace Verbose: 0 : 20444, 12, 2023/11/23, 12:38:24.391, 5344879028011, vstest.console.dll, TestRunRequest:SendTestRunMessage: Starting.
TpTrace Verbose: 0 : 20444, 12, 2023/11/23, 12:38:24.392, 5344879029752, vstest.console.dll, MulticastDelegateUtilities.SafeInvoke: TestRun.LogMessages: Invoking callback 1/1 for Microsoft.VisualStudio.TestPlatform.CommandLine.TestRunResultAggregator.TestRunMessageHandler, took 0 ms.
TpTrace Verbose: 0 : 20444, 4, 2023/11/23, 12:38:24.392, 5344879029932, vstest.console.dll, MulticastDelegateUtilities.SafeInvoke: InternalTestLoggerEvents.SendTestRunMessage: Invoking callback 1/1 for Microsoft.VisualStudio.TestPlatform.CommandLine.Internal.ConsoleLogger.TestMessageHandler, took 0 ms.
TpTrace Information: 0 : 20444, 12, 2023/11/23, 12:38:24.392, 5344879030534, vstest.console.dll, TestRunRequest:SendTestRunMessage: Completed.
TpTrace Verbose: 0 : 20444, 12, 2023/11/23, 12:38:24.392, 5344879032109, vstest.console.dll, MulticastDelegateUtilities.SafeInvoke: LengthPrefixCommunicationChannel: MessageReceived: Invoking callback 1/1 for Microsoft.VisualStudio.TestPlatform.CommunicationUtilities.TestRequestSender+<>c__DisplayClass31_0.<StartTestRun>b__1, took 3 ms.
TpTrace Verbose: 0 : 20444, 12, 2023/11/23, 12:38:24.392, 5344879032730, vstest.console.dll, TcpClientExtensions.MessageLoopAsync: Polling on remoteEndPoint: 127.0.0.1:55650 localEndPoint: 127.0.0.1:55649
TpTrace Verbose: 0 : 20444, 12, 2023/11/23, 12:38:24.596, 5344881072888, vstest.console.dll, TcpClientExtensions.MessageLoopAsync: NotifyDataAvailable remoteEndPoint: 127.0.0.1:55650 localEndPoint: 127.0.0.1:55649
TpTrace Verbose: 0 : 20444, 12, 2023/11/23, 12:38:24.596, 5344881074731, vstest.console.dll, TestRequestSender.OnExecutionMessageReceived: Received message: {"Version":2,"MessageType":"TestSession.Message","Payload":{"MessageLevel":0,"Message":"[xUnit.net 00:00:00.01] xUnit.net VSTest Adapter v2.4.0 (64-bit .NET 6.0.25)"}}
TpTrace Verbose: 0 : 20444, 12, 2023/11/23, 12:38:24.596, 5344881077899, vstest.console.dll, TestRunRequest:SendTestRunMessage: Starting.
TpTrace Verbose: 0 : 20444, 12, 2023/11/23, 12:38:24.597, 5344881079219, vstest.console.dll, MulticastDelegateUtilities.SafeInvoke: TestRun.LogMessages: Invoking callback 1/1 for Microsoft.VisualStudio.TestPlatform.CommandLine.TestRunResultAggregator.TestRunMessageHandler, took 0 ms.
TpTrace Verbose: 0 : 20444, 4, 2023/11/23, 12:38:24.597, 5344881079436, vstest.console.dll, MulticastDelegateUtilities.SafeInvoke: InternalTestLoggerEvents.SendTestRunMessage: Invoking callback 1/1 for Microsoft.VisualStudio.TestPlatform.CommandLine.Internal.ConsoleLogger.TestMessageHandler, took 0 ms.
TpTrace Information: 0 : 20444, 12, 2023/11/23, 12:38:24.597, 5344881079832, vstest.console.dll, TestRunRequest:SendTestRunMessage: Completed.
TpTrace Verbose: 0 : 20444, 12, 2023/11/23, 12:38:24.597, 5344881081371, vstest.console.dll, MulticastDelegateUtilities.SafeInvoke: LengthPrefixCommunicationChannel: MessageReceived: Invoking callback 1/1 for Microsoft.VisualStudio.TestPlatform.CommunicationUtilities.TestRequestSender+<>c__DisplayClass31_0.<StartTestRun>b__1, took 0 ms.
TpTrace Verbose: 0 : 20444, 12, 2023/11/23, 12:38:24.597, 5344881081775, vstest.console.dll, TcpClientExtensions.MessageLoopAsync: Polling on remoteEndPoint: 127.0.0.1:55650 localEndPoint: 127.0.0.1:55649
TpTrace Verbose: 0 : 20444, 12, 2023/11/23, 12:38:25.608, 5344891192919, vstest.console.dll, TcpClientExtensions.MessageLoopAsync: Polling on remoteEndPoint: 127.0.0.1:55650 localEndPoint: 127.0.0.1:55649
TpTrace Verbose: 0 : 20444, 12, 2023/11/23, 12:38:26.107, 5344896180032, vstest.console.dll, TcpClientExtensions.MessageLoopAsync: NotifyDataAvailable remoteEndPoint: 127.0.0.1:55650 localEndPoint: 127.0.0.1:55649
TpTrace Verbose: 0 : 20444, 12, 2023/11/23, 12:38:26.107, 5344896181574, vstest.console.dll, TestRequestSender.OnExecutionMessageReceived: Received message: {"Version":2,"MessageType":"TestSession.Message","Payload":{"MessageLevel":0,"Message":"[xUnit.net 00:00:01.52]   Discovering: PruebaIngresoBibliotecario.Api.Tests"}}
TpTrace Verbose: 0 : 20444, 12, 2023/11/23, 12:38:26.107, 5344896182784, vstest.console.dll, TestRunRequest:SendTestRunMessage: Starting.
TpTrace Verbose: 0 : 20444, 12, 2023/11/23, 12:38:26.107, 5344896183375, vstest.console.dll, MulticastDelegateUtilities.SafeInvoke: TestRun.LogMessages: Invoking callback 1/1 for Microsoft.VisualStudio.TestPlatform.CommandLine.TestRunResultAggregator.TestRunMessageHandler, took 0 ms.
TpTrace Information: 0 : 20444, 12, 2023/11/23, 12:38:26.107, 5344896183764, vstest.console.dll, TestRunRequest:SendTestRunMessage: Completed.
TpTrace Verbose: 0 : 20444, 4, 2023/11/23, 12:38:26.107, 5344896183716, vstest.console.dll, MulticastDelegateUtilities.SafeInvoke: InternalTestLoggerEvents.SendTestRunMessage: Invoking callback 1/1 for Microsoft.VisualStudio.TestPlatform.CommandLine.Internal.ConsoleLogger.TestMessageHandler, took 0 ms.
TpTrace Verbose: 0 : 20444, 12, 2023/11/23, 12:38:26.107, 5344896184103, vstest.console.dll, MulticastDelegateUtilities.SafeInvoke: LengthPrefixCommunicationChannel: MessageReceived: Invoking callback 1/1 for Microsoft.VisualStudio.TestPlatform.CommunicationUtilities.TestRequestSender+<>c__DisplayClass31_0.<StartTestRun>b__1, took 0 ms.
TpTrace Verbose: 0 : 20444, 12, 2023/11/23, 12:38:26.107, 5344896185882, vstest.console.dll, TcpClientExtensions.MessageLoopAsync: Polling on remoteEndPoint: 127.0.0.1:55650 localEndPoint: 127.0.0.1:55649
TpTrace Verbose: 0 : 20444, 12, 2023/11/23, 12:38:26.146, 5344896571724, vstest.console.dll, TcpClientExtensions.MessageLoopAsync: NotifyDataAvailable remoteEndPoint: 127.0.0.1:55650 localEndPoint: 127.0.0.1:55649
TpTrace Verbose: 0 : 20444, 12, 2023/11/23, 12:38:26.146, 5344896573363, vstest.console.dll, TestRequestSender.OnExecutionMessageReceived: Received message: {"Version":2,"MessageType":"TestSession.Message","Payload":{"MessageLevel":0,"Message":"[xUnit.net 00:00:01.56]   Discovered:  PruebaIngresoBibliotecario.Api.Tests"}}
TpTrace Verbose: 0 : 20444, 12, 2023/11/23, 12:38:26.146, 5344896574875, vstest.console.dll, TestRunRequest:SendTestRunMessage: Starting.
TpTrace Verbose: 0 : 20444, 12, 2023/11/23, 12:38:26.146, 5344896575953, vstest.console.dll, MulticastDelegateUtilities.SafeInvoke: TestRun.LogMessages: Invoking callback 1/1 for Microsoft.VisualStudio.TestPlatform.CommandLine.TestRunResultAggregator.TestRunMessageHandler, took 0 ms.
TpTrace Verbose: 0 : 20444, 4, 2023/11/23, 12:38:26.146, 5344896576240, vstest.console.dll, MulticastDelegateUtilities.SafeInvoke: InternalTestLoggerEvents.SendTestRunMessage: Invoking callback 1/1 for Microsoft.VisualStudio.TestPlatform.CommandLine.Internal.ConsoleLogger.TestMessageHandler, took 0 ms.
TpTrace Information: 0 : 20444, 12, 2023/11/23, 12:38:26.146, 5344896576588, vstest.console.dll, TestRunRequest:SendTestRunMessage: Completed.
TpTrace Verbose: 0 : 20444, 12, 2023/11/23, 12:38:26.146, 5344896577669, vstest.console.dll, MulticastDelegateUtilities.SafeInvoke: LengthPrefixCommunicationChannel: MessageReceived: Invoking callback 1/1 for Microsoft.VisualStudio.TestPlatform.CommunicationUtilities.TestRequestSender+<>c__DisplayClass31_0.<StartTestRun>b__1, took 0 ms.
TpTrace Verbose: 0 : 20444, 12, 2023/11/23, 12:38:26.147, 5344896578288, vstest.console.dll, TcpClientExtensions.MessageLoopAsync: Polling on remoteEndPoint: 127.0.0.1:55650 localEndPoint: 127.0.0.1:55649
TpTrace Verbose: 0 : 20444, 12, 2023/11/23, 12:38:26.148, 5344896598099, vstest.console.dll, TcpClientExtensions.MessageLoopAsync: NotifyDataAvailable remoteEndPoint: 127.0.0.1:55650 localEndPoint: 127.0.0.1:55649
TpTrace Verbose: 0 : 20444, 12, 2023/11/23, 12:38:26.149, 5344896598970, vstest.console.dll, TestRequestSender.OnExecutionMessageReceived: Received message: {"Version":2,"MessageType":"TestSession.Message","Payload":{"MessageLevel":0,"Message":"[xUnit.net 00:00:01.57]   Starting:    PruebaIngresoBibliotecario.Api.Tests"}}
TpTrace Verbose: 0 : 20444, 12, 2023/11/23, 12:38:26.149, 5344896600116, vstest.console.dll, TestRunRequest:SendTestRunMessage: Starting.
TpTrace Verbose: 0 : 20444, 12, 2023/11/23, 12:38:26.149, 5344896600673, vstest.console.dll, MulticastDelegateUtilities.SafeInvoke: TestRun.LogMessages: Invoking callback 1/1 for Microsoft.VisualStudio.TestPlatform.CommandLine.TestRunResultAggregator.TestRunMessageHandler, took 0 ms.
TpTrace Information: 0 : 20444, 12, 2023/11/23, 12:38:26.149, 5344896601118, vstest.console.dll, TestRunRequest:SendTestRunMessage: Completed.
TpTrace Verbose: 0 : 20444, 4, 2023/11/23, 12:38:26.149, 5344896600936, vstest.console.dll, MulticastDelegateUtilities.SafeInvoke: InternalTestLoggerEvents.SendTestRunMessage: Invoking callback 1/1 for Microsoft.VisualStudio.TestPlatform.CommandLine.Internal.ConsoleLogger.TestMessageHandler, took 0 ms.
TpTrace Verbose: 0 : 20444, 12, 2023/11/23, 12:38:26.149, 5344896601662, vstest.console.dll, MulticastDelegateUtilities.SafeInvoke: LengthPrefixCommunicationChannel: MessageReceived: Invoking callback 1/1 for Microsoft.VisualStudio.TestPlatform.CommunicationUtilities.TestRequestSender+<>c__DisplayClass31_0.<StartTestRun>b__1, took 0 ms.
TpTrace Verbose: 0 : 20444, 12, 2023/11/23, 12:38:26.149, 5344896603221, vstest.console.dll, TcpClientExtensions.MessageLoopAsync: Polling on remoteEndPoint: 127.0.0.1:55650 localEndPoint: 127.0.0.1:55649
TpTrace Verbose: 0 : 20444, 12, 2023/11/23, 12:38:26.221, 5344897320754, vstest.console.dll, TcpClientExtensions.MessageLoopAsync: NotifyDataAvailable remoteEndPoint: 127.0.0.1:55650 localEndPoint: 127.0.0.1:55649
TpTrace Verbose: 0 : 20444, 12, 2023/11/23, 12:38:26.221, 5344897322631, vstest.console.dll, TestRequestSender.OnExecutionMessageReceived: Received message: {"Version":2,"MessageType":"TestExecution.StatsChange","Payload":{"NewTestResults":[],"TestRunStatistics":{"ExecutedTests":0,"Stats":{}},"ActiveTests":[{"Id":"9ee3f43f-eb47-61a2-dadb-74848942a6ad","FullyQualifiedName":"Api.Test.PrestamoControllerTest.PostPrestamoAfiliadoIsbnError","DisplayName":"Api.Test.PrestamoControllerTest.PostPrestamoAfiliadoIsbnError","ExecutorUri":"executor://xunit/VsTestRunner2/netcoreapp","Source":"D:\\PruebaCeiba\\PruebaIngresoBibliotecario\\PruebaIngresoBibliotecario.Api.Tests\\bin\\Debug\\net6.0\\fine-code-coverage\\build-output\\PruebaIngresoBibliotecario.Api.Tests.dll","CodeFilePath":null,"LineNumber":0,"Properties":[]}]}}
TpTrace Verbose: 0 : 20444, 12, 2023/11/23, 12:38:26.238, 5344897496384, vstest.console.dll, TestRunRequest:SendTestRunStatsChange: Starting.
TpTrace Verbose: 0 : 20444, 12, 2023/11/23, 12:38:26.238, 5344897498166, vstest.console.dll, InProgress is Api.Test.PrestamoControllerTest.PostPrestamoAfiliadoIsbnError
TpTrace Verbose: 0 : 20444, 12, 2023/11/23, 12:38:26.239, 5344897499457, vstest.console.dll, MulticastDelegateUtilities.SafeInvoke: TestRun.RunStatsChanged: Invoking callbacks was skipped because there are no subscribers.
TpTrace Information: 0 : 20444, 12, 2023/11/23, 12:38:26.239, 5344897499984, vstest.console.dll, TestRunRequest:SendTestRunStatsChange: Completed.
TpTrace Verbose: 0 : 20444, 12, 2023/11/23, 12:38:26.239, 5344897500518, vstest.console.dll, MulticastDelegateUtilities.SafeInvoke: LengthPrefixCommunicationChannel: MessageReceived: Invoking callback 1/1 for Microsoft.VisualStudio.TestPlatform.CommunicationUtilities.TestRequestSender+<>c__DisplayClass31_0.<StartTestRun>b__1, took 17 ms.
TpTrace Verbose: 0 : 20444, 12, 2023/11/23, 12:38:26.239, 5344897500996, vstest.console.dll, TcpClientExtensions.MessageLoopAsync: Polling on remoteEndPoint: 127.0.0.1:55650 localEndPoint: 127.0.0.1:55649
TpTrace Verbose: 0 : 20444, 12, 2023/11/23, 12:38:27.251, 5344907624958, vstest.console.dll, TcpClientExtensions.MessageLoopAsync: Polling on remoteEndPoint: 127.0.0.1:55650 localEndPoint: 127.0.0.1:55649
TpTrace Verbose: 0 : 20444, 12, 2023/11/23, 12:38:27.742, 5344912530809, vstest.console.dll, TcpClientExtensions.MessageLoopAsync: NotifyDataAvailable remoteEndPoint: 127.0.0.1:55650 localEndPoint: 127.0.0.1:55649
TpTrace Verbose: 0 : 20444, 12, 2023/11/23, 12:38:27.742, 5344912533001, vstest.console.dll, TestRequestSender.OnExecutionMessageReceived: Received message: {"Version":2,"MessageType":"TestExecution.StatsChange","Payload":{"NewTestResults":[{"TestCase":{"Id":"9ee3f43f-eb47-61a2-dadb-74848942a6ad","FullyQualifiedName":"Api.Test.PrestamoControllerTest.PostPrestamoAfiliadoIsbnError","DisplayName":"Api.Test.PrestamoControllerTest.PostPrestamoAfiliadoIsbnError","ExecutorUri":"executor://xunit/VsTestRunner2/netcoreapp","Source":"D:\\PruebaCeiba\\PruebaIngresoBibliotecario\\PruebaIngresoBibliotecario.Api.Tests\\bin\\Debug\\net6.0\\fine-code-coverage\\build-output\\PruebaIngresoBibliotecario.Api.Tests.dll","CodeFilePath":null,"LineNumber":0,"Properties":[]},"Attachments":[],"Outcome":1,"ErrorMessage":null,"ErrorStackTrace":null,"DisplayName":"Api.Test.PrestamoControllerTest.PostPrestamoAfiliadoIsbnError","Messages":[],"ComputerName":"KRLOSOUL","Duration":"00:00:00.4652654","StartTime":"2023-11-23T17:38:26.6808607+00:00","EndTime":"2023-11-23T17:38:26.6808988+00:00","Properties":[]},{"TestCase":{"Id":"52dd98de-e053-c249-190b-9e2c56687bf9","FullyQualifiedName":"Api.Test.PrestamoControllerTest.PostPrestamoAfiliadoFechaEntregaExito","DisplayName":"Api.Test.PrestamoControllerTest.PostPrestamoAfiliadoFechaEntregaExito","ExecutorUri":"executor://xunit/VsTestRunner2/netcoreapp","Source":"D:\\PruebaCeiba\\PruebaIngresoBibliotecario\\PruebaIngresoBibliotecario.Api.Tests\\bin\\Debug\\net6.0\\fine-code-coverage\\build-output\\PruebaIngresoBibliotecario.Api.Tests.dll","CodeFilePath":null,"LineNumber":0,"Properties":[]},"Attachments":[],"Outcome":1,"ErrorMessage":null,"ErrorStackTrace":null,"DisplayName":"Api.Test.PrestamoControllerTest.PostPrestamoAfiliadoFechaEntregaExito","Messages":[],"ComputerName":"KRLOSOUL","Duration":"00:00:00.9842149","StartTime":"2023-11-23T17:38:27.664538+00:00","EndTime":"2023-11-23T17:38:27.6645381+00:00","Properties":[]}],"TestRunStatistics":{"ExecutedTests":2,"Stats":{"Passed":2}},"ActiveTests":[{"Id":"06e688b8-8571-a41e-7de0-6405abc94f46","FullyQualifiedName":"Api.Test.PrestamoControllerTest.PostPrestamoError","DisplayName":"Api.Test.PrestamoControllerTest.PostPrestamoError","ExecutorUri":"executor://xunit/VsTestRunner2/netcoreapp","Source":"D:\\PruebaCeiba\\PruebaIngresoBibliotecario\\PruebaIngresoBibliotecario.Api.Tests\\bin\\Debug\\net6.0\\fine-code-coverage\\build-output\\PruebaIngresoBibliotecario.Api.Tests.dll","CodeFilePath":null,"LineNumber":0,"Properties":[]}]}}
TpTrace Verbose: 0 : 20444, 12, 2023/11/23, 12:38:27.753, 5344912643362, vstest.console.dll, TestRunRequest:SendTestRunStatsChange: Starting.
TpTrace Verbose: 0 : 20444, 12, 2023/11/23, 12:38:27.753, 5344912644509, vstest.console.dll, InProgress is Api.Test.PrestamoControllerTest.PostPrestamoError
TpTrace Verbose: 0 : 20444, 12, 2023/11/23, 12:38:27.753, 5344912646520, vstest.console.dll, MulticastDelegateUtilities.SafeInvoke: TestRun.RunStatsChanged: Invoking callbacks was skipped because there are no subscribers.
TpTrace Information: 0 : 20444, 12, 2023/11/23, 12:38:27.753, 5344912647219, vstest.console.dll, TestRunRequest:SendTestRunStatsChange: Completed.
TpTrace Verbose: 0 : 20444, 12, 2023/11/23, 12:38:27.753, 5344912647783, vstest.console.dll, MulticastDelegateUtilities.SafeInvoke: LengthPrefixCommunicationChannel: MessageReceived: Invoking callback 1/1 for Microsoft.VisualStudio.TestPlatform.CommunicationUtilities.TestRequestSender+<>c__DisplayClass31_0.<StartTestRun>b__1, took 11 ms.
TpTrace Verbose: 0 : 20444, 12, 2023/11/23, 12:38:27.754, 5344912648296, vstest.console.dll, TcpClientExtensions.MessageLoopAsync: Polling on remoteEndPoint: 127.0.0.1:55650 localEndPoint: 127.0.0.1:55649
TpTrace Verbose: 0 : 20444, 4, 2023/11/23, 12:38:27.760, 5344912718077, vstest.console.dll, MulticastDelegateUtilities.SafeInvoke: InternalTestLoggerEvents.SendTestResult: Invoking callback 1/1 for Microsoft.VisualStudio.TestPlatform.CommandLine.Internal.ConsoleLogger.TestResultHandler, took 7 ms.
TpTrace Verbose: 0 : 20444, 4, 2023/11/23, 12:38:27.761, 5344912719620, vstest.console.dll, MulticastDelegateUtilities.SafeInvoke: InternalTestLoggerEvents.SendTestResult: Invoking callback 1/1 for Microsoft.VisualStudio.TestPlatform.CommandLine.Internal.ConsoleLogger.TestResultHandler, took 0 ms.
TpTrace Verbose: 0 : 20444, 12, 2023/11/23, 12:38:27.954, 5344914649728, vstest.console.dll, TcpClientExtensions.MessageLoopAsync: NotifyDataAvailable remoteEndPoint: 127.0.0.1:55650 localEndPoint: 127.0.0.1:55649
TpTrace Verbose: 0 : 20444, 12, 2023/11/23, 12:38:27.954, 5344914651033, vstest.console.dll, TestRequestSender.OnExecutionMessageReceived: Received message: {"Version":2,"MessageType":"TestSession.Message","Payload":{"MessageLevel":0,"Message":"[xUnit.net 00:00:03.37]   Finished:    PruebaIngresoBibliotecario.Api.Tests"}}
TpTrace Verbose: 0 : 20444, 12, 2023/11/23, 12:38:27.954, 5344914652470, vstest.console.dll, TestRunRequest:SendTestRunMessage: Starting.
TpTrace Verbose: 0 : 20444, 12, 2023/11/23, 12:38:27.954, 5344914653311, vstest.console.dll, MulticastDelegateUtilities.SafeInvoke: TestRun.LogMessages: Invoking callback 1/1 for Microsoft.VisualStudio.TestPlatform.CommandLine.TestRunResultAggregator.TestRunMessageHandler, took 0 ms.
TpTrace Verbose: 0 : 20444, 4, 2023/11/23, 12:38:27.954, 5344914653528, vstest.console.dll, MulticastDelegateUtilities.SafeInvoke: InternalTestLoggerEvents.SendTestRunMessage: Invoking callback 1/1 for Microsoft.VisualStudio.TestPlatform.CommandLine.Internal.ConsoleLogger.TestMessageHandler, took 0 ms.
TpTrace Information: 0 : 20444, 12, 2023/11/23, 12:38:27.954, 5344914653876, vstest.console.dll, TestRunRequest:SendTestRunMessage: Completed.
TpTrace Verbose: 0 : 20444, 12, 2023/11/23, 12:38:27.954, 5344914655327, vstest.console.dll, MulticastDelegateUtilities.SafeInvoke: LengthPrefixCommunicationChannel: MessageReceived: Invoking callback 1/1 for Microsoft.VisualStudio.TestPlatform.CommunicationUtilities.TestRequestSender+<>c__DisplayClass31_0.<StartTestRun>b__1, took 0 ms.
TpTrace Verbose: 0 : 20444, 12, 2023/11/23, 12:38:27.954, 5344914655940, vstest.console.dll, TcpClientExtensions.MessageLoopAsync: Polling on remoteEndPoint: 127.0.0.1:55650 localEndPoint: 127.0.0.1:55649
TpTrace Verbose: 0 : 20444, 12, 2023/11/23, 12:38:27.977, 5344914884204, vstest.console.dll, TcpClientExtensions.MessageLoopAsync: NotifyDataAvailable remoteEndPoint: 127.0.0.1:55650 localEndPoint: 127.0.0.1:55649
TpTrace Verbose: 0 : 20444, 12, 2023/11/23, 12:38:27.977, 5344914886984, vstest.console.dll, TestRequestSender.OnExecutionMessageReceived: Received message: {"Version":2,"MessageType":"TestExecution.Completed","Payload":{"TestRunCompleteArgs":{"TestRunStatistics":{"ExecutedTests":8,"Stats":{"Passed":8}},"IsCanceled":false,"IsAborted":false,"Error":null,"AttachmentSets":[],"ElapsedTimeInRunningTests":"00:00:03.3916584","Metrics":{}},"LastRunTests":{"NewTestResults":[{"TestCase":{"Id":"06e688b8-8571-a41e-7de0-6405abc94f46","FullyQualifiedName":"Api.Test.PrestamoControllerTest.PostPrestamoError","DisplayName":"Api.Test.PrestamoControllerTest.PostPrestamoError","ExecutorUri":"executor://xunit/VsTestRunner2/netcoreapp","Source":"D:\\PruebaCeiba\\PruebaIngresoBibliotecario\\PruebaIngresoBibliotecario.Api.Tests\\bin\\Debug\\net6.0\\fine-code-coverage\\build-output\\PruebaIngresoBibliotecario.Api.Tests.dll","CodeFilePath":null,"LineNumber":0,"Properties":[]},"Attachments":[],"Outcome":1,"ErrorMessage":null,"ErrorStackTrace":null,"DisplayName":"Api.Test.PrestamoControllerTest.PostPrestamoError","Messages":[],"ComputerName":"KRLOSOUL","Duration":"00:00:00.1004799","StartTime":"2023-11-23T17:38:27.7650765+00:00","EndTime":"2023-11-23T17:38:27.7650766+00:00","Properties":[]},{"TestCase":{"Id":"59a06d7b-d078-06a0-7810-e8dc7c3b62dc","FullyQualifiedName":"Api.Test.PrestamoControllerTest.PostPrestamoAfiliadoTipoUsuarioError","DisplayName":"Api.Test.PrestamoControllerTest.PostPrestamoAfiliadoTipoUsuarioError","ExecutorUri":"executor://xunit/VsTestRunner2/netcoreapp","Source":"D:\\PruebaCeiba\\PruebaIngresoBibliotecario\\PruebaIngresoBibliotecario.Api.Tests\\bin\\Debug\\net6.0\\fine-code-coverage\\build-output\\PruebaIngresoBibliotecario.Api.Tests.dll","CodeFilePath":null,"LineNumber":0,"Properties":[]},"Attachments":[],"Outcome":1,"ErrorMessage":null,"ErrorStackTrace":null,"DisplayName":"Api.Test.PrestamoControllerTest.PostPrestamoAfiliadoTipoUsuarioError","Messages":[],"ComputerName":"KRLOSOUL","Duration":"00:00:00.0273274","StartTime":"2023-11-23T17:38:27.7925377+00:00","EndTime":"2023-11-23T17:38:27.7925378+00:00","Properties":[]},{"TestCase":{"Id":"f6ef0456-b0d4-7172-b3b8-88173182a92e","FullyQualifiedName":"Api.Test.PrestamoControllerTest.PostPrestamoEmpleadoFechaEntregaExito","DisplayName":"Api.Test.PrestamoControllerTest.PostPrestamoEmpleadoFechaEntregaExito","ExecutorUri":"executor://xunit/VsTestRunner2/netcoreapp","Source":"D:\\PruebaCeiba\\PruebaIngresoBibliotecario\\PruebaIngresoBibliotecario.Api.Tests\\bin\\Debug\\net6.0\\fine-code-coverage\\build-output\\PruebaIngresoBibliotecario.Api.Tests.dll","CodeFilePath":null,"LineNumber":0,"Properties":[]},"Attachments":[],"Outcome":1,"ErrorMessage":null,"ErrorStackTrace":null,"DisplayName":"Api.Test.PrestamoControllerTest.PostPrestamoEmpleadoFechaEntregaExito","Messages":[],"ComputerName":"KRLOSOUL","Duration":"00:00:00.0388485","StartTime":"2023-11-23T17:38:27.8315557+00:00","EndTime":"2023-11-23T17:38:27.8315559+00:00","Properties":[]},{"TestCase":{"Id":"7525bb00-d4b9-cbc4-89e7-3318ba5f6ffb","FullyQualifiedName":"Api.Test.PrestamoControllerTest.PostPrestamoInvitadoFechaEntregaExito","DisplayName":"Api.Test.PrestamoControllerTest.PostPrestamoInvitadoFechaEntregaExito","ExecutorUri":"executor://xunit/VsTestRunner2/netcoreapp","Source":"D:\\PruebaCeiba\\PruebaIngresoBibliotecario\\PruebaIngresoBibliotecario.Api.Tests\\bin\\Debug\\net6.0\\fine-code-coverage\\build-output\\PruebaIngresoBibliotecario.Api.Tests.dll","CodeFilePath":null,"LineNumber":0,"Properties":[]},"Attachments":[],"Outcome":1,"ErrorMessage":null,"ErrorStackTrace":null,"DisplayName":"Api.Test.PrestamoControllerTest.PostPrestamoInvitadoFechaEntregaExito","Messages":[],"ComputerName":"KRLOSOUL","Duration":"00:00:00.0254767","StartTime":"2023-11-23T17:38:27.8571648+00:00","EndTime":"2023-11-23T17:38:27.8571649+00:00","Properties":[]},{"TestCase":{"Id":"2553fd5d-1935-45ee-b718-4e0174fe9cc5","FullyQualifiedName":"Api.Test.PrestamoControllerTest.GetPrestamoExito","DisplayName":"Api.Test.PrestamoControllerTest.GetPrestamoExito","ExecutorUri":"executor://xunit/VsTestRunner2/netcoreapp","Source":"D:\\PruebaCeiba\\PruebaIngresoBibliotecario\\PruebaIngresoBibliotecario.Api.Tests\\bin\\Debug\\net6.0\\fine-code-coverage\\build-output\\PruebaIngresoBibliotecario.Api.Tests.dll","CodeFilePath":null,"LineNumber":0,"Properties":[]},"Attachments":[],"Outcome":1,"ErrorMessage":null,"ErrorStackTrace":null,"DisplayName":"Api.Test.PrestamoControllerTest.GetPrestamoExito","Messages":[],"ComputerName":"KRLOSOUL","Duration":"00:00:00.0497600","StartTime":"2023-11-23T17:38:27.9070534+00:00","EndTime":"2023-11-23T17:38:27.9070537+00:00","Properties":[]},{"TestCase":{"Id":"117c22e1-de71-d2af-1a37-9a5fd927b725","FullyQualifiedName":"Api.Test.PrestamoControllerTest.GetPrestamoError","DisplayName":"Api.Test.PrestamoControllerTest.GetPrestamoError","ExecutorUri":"executor://xunit/VsTestRunner2/netcoreapp","Source":"D:\\PruebaCeiba\\PruebaIngresoBibliotecario\\PruebaIngresoBibliotecario.Api.Tests\\bin\\Debug\\net6.0\\fine-code-coverage\\build-output\\PruebaIngresoBibliotecario.Api.Tests.dll","CodeFilePath":null,"LineNumber":0,"Properties":[]},"Attachments":[],"Outcome":1,"ErrorMessage":null,"ErrorStackTrace":null,"DisplayName":"Api.Test.PrestamoControllerTest.GetPrestamoError","Messages":[],"ComputerName":"KRLOSOUL","Duration":"00:00:00.0295676","StartTime":"2023-11-23T17:38:27.9367918+00:00","EndTime":"2023-11-23T17:38:27.9367919+00:00","Properties":[]}],"TestRunStatistics":{"ExecutedTests":8,"Stats":{"Passed":8}},"ActiveTests":[]},"RunAttachments":[],"ExecutorUris":["executor://xunit/VsTestRunner2/netcoreapp"]}}
TpTrace Verbose: 0 : 20444, 12, 2023/11/23, 12:38:27.978, 5344914888977, vstest.console.dll, TestRequestSender.EndSession: Sending end session.
TpTrace Verbose: 0 : 20444, 12, 2023/11/23, 12:38:27.978, 5344914890700, vstest.console.dll, ProxyOperationManager.Close: waiting for test host to exit for 100 ms
TpTrace Warning: 0 : 20444, 10, 2023/11/23, 12:38:28.019, 5344915306650, vstest.console.dll, TestHostManagerCallbacks.ErrorReceivedCallback Test host standard error line: 
TpTrace Verbose: 0 : 20444, 5, 2023/11/23, 12:38:28.056, 5344915674116, vstest.console.dll, TestHostProvider.ExitCallBack: Host exited starting callback.
TpTrace Information: 0 : 20444, 5, 2023/11/23, 12:38:28.057, 5344915679728, vstest.console.dll, TestHostManagerCallbacks.ExitCallBack: Testhost processId: 13104 exited with exitcode: 0 error: ''
TpTrace Verbose: 0 : 20444, 5, 2023/11/23, 12:38:28.057, 5344915680412, vstest.console.dll, DotnetTestHostManager.OnHostExited: invoking OnHostExited callback
TpTrace Verbose: 0 : 20444, 5, 2023/11/23, 12:38:28.057, 5344915681017, vstest.console.dll, CrossPlatEngine.TestHostManagerHostExited: calling on client process exit callback.
TpTrace Information: 0 : 20444, 5, 2023/11/23, 12:38:28.057, 5344915681872, vstest.console.dll, TestRequestSender.OnClientProcessExit: Test host process exited. Standard error: 
TpTrace Information: 0 : 20444, 12, 2023/11/23, 12:38:28.057, 5344915682144, vstest.console.dll, SocketServer.Stop: Stop server endPoint: 127.0.0.1:55649
TpTrace Information: 0 : 20444, 5, 2023/11/23, 12:38:28.057, 5344915682628, vstest.console.dll, SocketServer.Stop: Stop server endPoint: 127.0.0.1:55649
TpTrace Information: 0 : 20444, 12, 2023/11/23, 12:38:28.057, 5344915683151, vstest.console.dll, SocketServer.Stop: Cancellation requested. Stopping message loop.
TpTrace Information: 0 : 20444, 5, 2023/11/23, 12:38:28.057, 5344915683833, vstest.console.dll, SocketServer.Stop: Cancellation requested. Stopping message loop.
TpTrace Verbose: 0 : 20444, 5, 2023/11/23, 12:38:28.057, 5344915685103, vstest.console.dll, MulticastDelegateUtilities.SafeInvoke: HostProviderEvents.OnHostExited: Invoking callback 1/1 for Microsoft.VisualStudio.TestPlatform.CrossPlatEngine.Client.ProxyOperationManager.TestHostManagerHostExited, took 0 ms.
TpTrace Information: 0 : 20444, 12, 2023/11/23, 12:38:28.057, 5344915685257, vstest.console.dll, Closing the connection
TpTrace Verbose: 0 : 20444, 12, 2023/11/23, 12:38:28.057, 5344915688191, vstest.console.dll, ProxyDataCollectionManager.InvokeDataCollectionServiceAction: Starting.
TpTrace Information: 0 : 20444, 12, 2023/11/23, 12:38:28.058, 5344915688625, vstest.console.dll, ProxyDataCollectionManager.AfterTestRunEnd: Get attachment set and invoked data collectors processId: 10636 port: 55646
TpTrace Verbose: 0 : 20444, 12, 2023/11/23, 12:38:28.058, 5344915689203, vstest.console.dll, DataCollectionRequestSender.SendAfterTestRunStartAndGetResult: Send AfterTestRunEnd message with isCancelled: False
TpTrace Verbose: 0 : 20444, 12, 2023/11/23, 12:38:28.067, 5344915781572, vstest.console.dll, DataCollectionRequestSender.SendAfterTestRunStartAndGetResult: Received message: (DataCollection.AfterTestRunEndResult) -> {"MessageType":"DataCollection.AfterTestRunEndResult","Payload":{"AttachmentSets":[],"InvokedDataCollectors":[{"Uri":"datacollector://Microsoft/TestPlatform/Extensions/Blame/v1","FriendlyName":"Blame","AssemblyQualifiedName":"Microsoft.TestPlatform.Extensions.BlameDataCollector.BlameCollector, Microsoft.TestPlatform.Extensions.BlameDataCollector, Version=15.0.0.0, Culture=neutral, PublicKeyToken=b03f5f7f11d50a3a","FilePath":"C:\\Program Files\\dotnet\\sdk\\6.0.417\\Extensions\\Microsoft.TestPlatform.Extensions.BlameDataCollector.dll","HasAttachmentProcessor":false}],"Metrics":{}}}
TpTrace Information: 0 : 20444, 12, 2023/11/23, 12:38:28.081, 5344915919416, vstest.console.dll, ProxyDataCollectionManager.InvokeDataCollectionServiceAction: Completed.
TpTrace Warning: 0 : 20444, 9, 2023/11/23, 12:38:28.086, 5344915975928, vstest.console.dll, DataCollectionLauncher.ErrorReceivedCallback datacollector standard error line: 
TpTrace Information: 0 : 20444, 5, 2023/11/23, 12:38:28.093, 5344916048081, vstest.console.dll, DataCollectionLauncher.ExitCallBack: Data collector exited with exitcode: 0 error: ''
TpTrace Verbose: 0 : 20444, 12, 2023/11/23, 12:38:28.116, 5344916275328, vstest.console.dll, TestRunRequest:SendTestRunStatsChange: Starting.
TpTrace Verbose: 0 : 20444, 12, 2023/11/23, 12:38:28.116, 5344916276543, vstest.console.dll, MulticastDelegateUtilities.SafeInvoke: TestRun.RunStatsChanged: Invoking callbacks was skipped because there are no subscribers.
TpTrace Information: 0 : 20444, 12, 2023/11/23, 12:38:28.116, 5344916277158, vstest.console.dll, TestRunRequest:SendTestRunStatsChange: Completed.
TpTrace Verbose: 0 : 20444, 4, 2023/11/23, 12:38:28.116, 5344916277250, vstest.console.dll, MulticastDelegateUtilities.SafeInvoke: InternalTestLoggerEvents.SendTestResult: Invoking callback 1/1 for Microsoft.VisualStudio.TestPlatform.CommandLine.Internal.ConsoleLogger.TestResultHandler, took 0 ms.
TpTrace Verbose: 0 : 20444, 4, 2023/11/23, 12:38:28.117, 5344916278534, vstest.console.dll, MulticastDelegateUtilities.SafeInvoke: InternalTestLoggerEvents.SendTestResult: Invoking callback 1/1 for Microsoft.VisualStudio.TestPlatform.CommandLine.Internal.ConsoleLogger.TestResultHandler, took 0 ms.
TpTrace Verbose: 0 : 20444, 4, 2023/11/23, 12:38:28.117, 5344916279284, vstest.console.dll, MulticastDelegateUtilities.SafeInvoke: InternalTestLoggerEvents.SendTestResult: Invoking callback 1/1 for Microsoft.VisualStudio.TestPlatform.CommandLine.Internal.ConsoleLogger.TestResultHandler, took 0 ms.
TpTrace Verbose: 0 : 20444, 4, 2023/11/23, 12:38:28.117, 5344916279971, vstest.console.dll, MulticastDelegateUtilities.SafeInvoke: InternalTestLoggerEvents.SendTestResult: Invoking callback 1/1 for Microsoft.VisualStudio.TestPlatform.CommandLine.Internal.ConsoleLogger.TestResultHandler, took 0 ms.
TpTrace Verbose: 0 : 20444, 4, 2023/11/23, 12:38:28.117, 5344916280639, vstest.console.dll, MulticastDelegateUtilities.SafeInvoke: InternalTestLoggerEvents.SendTestResult: Invoking callback 1/1 for Microsoft.VisualStudio.TestPlatform.CommandLine.Internal.ConsoleLogger.TestResultHandler, took 0 ms.
TpTrace Verbose: 0 : 20444, 4, 2023/11/23, 12:38:28.117, 5344916281320, vstest.console.dll, MulticastDelegateUtilities.SafeInvoke: InternalTestLoggerEvents.SendTestResult: Invoking callback 1/1 for Microsoft.VisualStudio.TestPlatform.CommandLine.Internal.ConsoleLogger.TestResultHandler, took 0 ms.
TpTrace Verbose: 0 : 20444, 12, 2023/11/23, 12:38:28.117, 5344916281455, vstest.console.dll, ParallelProxyExecutionManager: HandlePartialRunComplete: Total completed clients = 1, Run complete = True, Run canceled: False.
TpTrace Verbose: 0 : 20444, 4, 2023/11/23, 12:38:28.131, 5344916424999, vstest.console.dll, MulticastDelegateUtilities.SafeInvoke: InternalTestLoggerEvents.SendTestRunComplete: Invoking callback 1/2 for Microsoft.TestPlatform.Extensions.BlameDataCollector.BlameLogger.TestRunCompleteHandler, took 0 ms.
TpTrace Verbose: 0 : 20444, 4, 2023/11/23, 12:38:28.136, 5344916477024, vstest.console.dll, MulticastDelegateUtilities.SafeInvoke: InternalTestLoggerEvents.SendTestRunComplete: Invoking callback 2/2 for Microsoft.VisualStudio.TestPlatform.CommandLine.Internal.ConsoleLogger.TestRunCompleteHandler, took 5 ms.
TpTrace Verbose: 0 : 20444, 12, 2023/11/23, 12:38:28.137, 5344916480241, vstest.console.dll, TestRunRequest:TestRunComplete: Starting. IsAborted:False IsCanceled:False.
TpTrace Verbose: 0 : 20444, 12, 2023/11/23, 12:38:28.138, 5344916492941, vstest.console.dll, TestLoggerManager.HandleTestRunComplete: Ignoring as the object is disposed.
TpTrace Verbose: 0 : 20444, 12, 2023/11/23, 12:38:28.138, 5344916495247, vstest.console.dll, MulticastDelegateUtilities.SafeInvoke: TestRun.TestRunComplete: Invoking callback 1/2 for Microsoft.VisualStudio.TestPlatform.CommandLine.TestRunResultAggregator.TestRunCompletionHandler, took 0 ms.
TpTrace Verbose: 0 : 20444, 12, 2023/11/23, 12:38:28.138, 5344916496047, vstest.console.dll, MulticastDelegateUtilities.SafeInvoke: TestRun.TestRunComplete: Invoking callback 2/2 for Microsoft.VisualStudio.TestPlatform.CommandLine.Processors.RunTestsArgumentExecutor+TestRunRequestEventsRegistrar.TestRunRequest_OnRunCompletion, took 0 ms.
TpTrace Information: 0 : 20444, 12, 2023/11/23, 12:38:28.138, 5344916497333, vstest.console.dll, TestRunRequest:TestRunComplete: Completed.
TpTrace Verbose: 0 : 20444, 1, 2023/11/23, 12:38:28.138, 5344916497491, vstest.console.dll, TestRunRequest.Dispose: Starting.
TpTrace Verbose: 0 : 20444, 12, 2023/11/23, 12:38:28.138, 5344916497798, vstest.console.dll, TestRequestSender.SetOperationComplete: Setting operation complete.
TpTrace Information: 0 : 20444, 1, 2023/11/23, 12:38:28.139, 5344916498433, vstest.console.dll, TestRunRequest.Dispose: Completed.
TpTrace Information: 0 : 20444, 12, 2023/11/23, 12:38:28.139, 5344916498758, vstest.console.dll, SocketServer.Stop: Stop server endPoint: 127.0.0.1:55649
TpTrace Information: 0 : 20444, 1, 2023/11/23, 12:38:28.139, 5344916499456, vstest.console.dll, TestRequestManager.RunTests: run tests completed.
TpTrace Information: 0 : 20444, 12, 2023/11/23, 12:38:28.139, 5344916499872, vstest.console.dll, SocketServer.Stop: Cancellation requested. Stopping message loop.
TpTrace Information: 0 : 20444, 1, 2023/11/23, 12:38:28.139, 5344916500876, vstest.console.dll, RunTestsArgumentProcessor:Execute: Test run is completed.
TpTrace Verbose: 0 : 20444, 12, 2023/11/23, 12:38:28.139, 5344916500912, vstest.console.dll, MulticastDelegateUtilities.SafeInvoke: LengthPrefixCommunicationChannel: MessageReceived: Invoking callback 1/1 for Microsoft.VisualStudio.TestPlatform.CommunicationUtilities.TestRequestSender+<>c__DisplayClass31_0.<StartTestRun>b__1, took 161 ms.
TpTrace Information: 0 : 20444, 12, 2023/11/23, 12:38:28.139, 5344916502255, vstest.console.dll, SocketServer.PrivateStop: Stopping server endPoint: 127.0.0.1:55649 error: 
TpTrace Verbose: 0 : 20444, 1, 2023/11/23, 12:38:28.139, 5344916503169, vstest.console.dll, Executor.Execute: Exiting with exit code of 0
TpTrace Verbose: 0 : 20444, 12, 2023/11/23, 12:38:28.139, 5344916506196, vstest.console.dll, LengthPrefixCommunicationChannel.Dispose: Dispose reader and writer.
TpTrace Information: 0 : 20444, 12, 2023/11/23, 12:38:28.139, 5344916507094, vstest.console.dll, SocketServer.Stop: Raise disconnected event endPoint: 127.0.0.1:55649 error: 
